<?xml version="1.0" encoding="UTF-8"?>
<!-- Generated by org.testng.reporters.JUnitReportReporter -->
<testsuite hostname="LAPTOP-3BL16AQ1" failures="0" tests="12" name="TestNgAttributes.Description_Attribute" time="4.045" errors="0" timestamp="2023-06-01T19:41:04 IST" skipped="1">
  <testcase classname="TestNgAttributes.Description_Attribute" name="enterUsername" time="0.169"/>
  <system-out/>
  <testcase classname="TestNgAttributes.Description_Attribute" name="enterUsername" time="0.281"/>
  <system-out/>
  <testcase classname="TestNgAttributes.Description_Attribute" name="enterUsername" time="0.156"/>
  <system-out/>
  <testcase classname="TestNgAttributes.Description_Attribute" name="enterUsername" time="0.156"/>
  <system-out/>
  <testcase classname="TestNgAttributes.Description_Attribute" name="enterUsername" time="0.166"/>
  <system-out/>
  <testcase classname="TestNgAttributes.Description_Attribute" name="enterUsername" time="0.148"/>
  <system-out/>
  <testcase classname="TestNgAttributes.Description_Attribute" name="enterUsername" time="0.158"/>
  <system-out/>
  <testcase classname="TestNgAttributes.Description_Attribute" name="enterUsername" time="2.071"/>
  <system-out/>
  <testcase classname="TestNgAttributes.Description_Attribute" name="enterUsername" time="0.226"/>
  <system-out/>
  <testcase classname="TestNgAttributes.Description_Attribute" name="enterUsername" time="0.243"/>
  <system-out/>
  <testcase classname="TestNgAttributes.Description_Attribute" name="enterPassword" time="0.271"/>
  <system-out/>
  <testcase classname="TestNgAttributes.Description_Attribute" name="clickLogin">
    <skipped/>
  </testcase> <!-- clickLogin -->
  <system-out/>
</testsuite> <!-- TestNgAttributes.Description_Attribute -->
