<?xml version="1.0" encoding="UTF-8"?>
<!-- Generated by org.testng.reporters.JUnitReportReporter -->
<testsuite hostname="LAPTOP-3BL16AQ1" failures="0" tests="12" name="TestNgAttributes.InvocationCount_Attribute" time="4.246" errors="0" timestamp="2023-06-01T19:39:23 IST" skipped="1">
  <testcase classname="TestNgAttributes.InvocationCount_Attribute" name="enterUsername" time="1.808"/>
  <system-out/>
  <testcase classname="TestNgAttributes.InvocationCount_Attribute" name="enterUsername" time="0.265"/>
  <system-out/>
  <testcase classname="TestNgAttributes.InvocationCount_Attribute" name="enterUsername" time="0.308"/>
  <system-out/>
  <testcase classname="TestNgAttributes.InvocationCount_Attribute" name="enterUsername" time="0.173"/>
  <system-out/>
  <testcase classname="TestNgAttributes.InvocationCount_Attribute" name="enterUsername" time="0.158"/>
  <system-out/>
  <testcase classname="TestNgAttributes.InvocationCount_Attribute" name="enterUsername" time="0.249"/>
  <system-out/>
  <testcase classname="TestNgAttributes.InvocationCount_Attribute" name="enterUsername" time="0.318"/>
  <system-out/>
  <testcase classname="TestNgAttributes.InvocationCount_Attribute" name="enterUsername" time="0.189"/>
  <system-out/>
  <testcase classname="TestNgAttributes.InvocationCount_Attribute" name="enterUsername" time="0.159"/>
  <system-out/>
  <testcase classname="TestNgAttributes.InvocationCount_Attribute" name="enterUsername" time="0.346"/>
  <system-out/>
  <testcase classname="TestNgAttributes.InvocationCount_Attribute" name="enterPassword" time="0.273"/>
  <system-out/>
  <testcase classname="TestNgAttributes.InvocationCount_Attribute" name="clickLogin">
    <skipped/>
  </testcase> <!-- clickLogin -->
  <system-out/>
</testsuite> <!-- TestNgAttributes.InvocationCount_Attribute -->
