<?xml version="1.0" encoding="UTF-8"?>
<!-- Generated by org.testng.reporters.JUnitReportReporter -->
<testsuite hostname="LAPTOP-3BL16AQ1" failures="0" tests="3" name="TestNgAttributes.LoginToOrangeHRM_Chrome" time="3.500" errors="0" timestamp="2023-06-01T19:34:25 IST" skipped="0">
  <testcase classname="TestNgAttributes.LoginToOrangeHRM_Chrome" name="enterUsername" time="1.413"/>
  <system-out/>
  <testcase classname="TestNgAttributes.LoginToOrangeHRM_Chrome" name="enterPassword" time="0.600"/>
  <system-out/>
  <testcase classname="TestNgAttributes.LoginToOrangeHRM_Chrome" name="clickLogin" time="1.487"/>
  <system-out/>
</testsuite> <!-- TestNgAttributes.LoginToOrangeHRM_Chrome -->
