<?xml version="1.0" encoding="UTF-8"?>
<!-- Generated by org.testng.reporters.JUnitReportReporter -->
<testsuite hostname="LAPTOP-3BL16AQ1" failures="0" tests="3" name="TestNgAttributes.DependsOnMethods_Attribute" time="2.151" errors="0" timestamp="2023-06-01T19:43:11 IST" skipped="0">
  <testcase classname="TestNgAttributes.DependsOnMethods_Attribute" name="enterUsername" time="1.636"/>
  <system-out/>
  <testcase classname="TestNgAttributes.DependsOnMethods_Attribute" name="clickLogin" time="0.176"/>
  <system-out/>
  <testcase classname="TestNgAttributes.DependsOnMethods_Attribute" name="enterPassword" time="0.339"/>
  <system-out/>
</testsuite> <!-- TestNgAttributes.DependsOnMethods_Attribute -->
