<?xml version="1.0" encoding="UTF-8"?>
<!-- Generated by org.testng.reporters.JUnitReportReporter -->
<testsuite hostname="LAPTOP-3BL16AQ1" failures="0" tests="3" name="TestNG_Examples.LoginToOrangeHRM_Edge" time="4.554" errors="0" timestamp="2023-06-01T19:24:18 IST" skipped="0">
  <testcase classname="TestNG_Examples.LoginToOrangeHRM_Edge" name="enterUsername" time="0.891"/>
  <system-out/>
  <testcase classname="TestNG_Examples.LoginToOrangeHRM_Edge" name="enterPassword" time="0.843"/>
  <system-out/>
  <testcase classname="TestNG_Examples.LoginToOrangeHRM_Edge" name="clickLogin" time="2.820"/>
  <system-out/>
</testsuite> <!-- TestNG_Examples.LoginToOrangeHRM_Edge -->
