<?xml version="1.0" encoding="UTF-8"?>
<!-- Generated by org.testng.reporters.JUnitReportReporter -->
<testsuite hostname="LAPTOP-3BL16AQ1" failures="0" tests="5" name="Tests.LoginAndLogout" time="50.626" errors="0" timestamp="2023-06-06T19:45:49 IST" skipped="0">
  <testcase classname="Tests.LoginAndLogout" name="enterUsername" time="13.759"/>
  <system-out/>
  <testcase classname="Tests.LoginAndLogout" name="enterPassword" time="7.831"/>
  <system-out/>
  <testcase classname="Tests.LoginAndLogout" name="clickLogin" time="0.440"/>
  <system-out/>
  <testcase classname="Tests.LoginAndLogout" name="clickTestDemo" time="6.652"/>
  <system-out/>
  <testcase classname="Tests.LoginAndLogout" name="clickLogout" time="21.944"/>
  <system-out/>
</testsuite> <!-- Tests.LoginAndLogout -->
