<?xml version="1.0" encoding="UTF-8"?>
<!-- Generated by org.testng.reporters.JUnitReportReporter -->
<testsuite hostname="LAPTOP-3BL16AQ1" failures="0" tests="3" name="Pages.Safdar" time="20.551" errors="0" timestamp="2023-06-06T19:51:23 IST" skipped="0">
  <testcase classname="Pages.Safdar" name="enterUsername" time="7.211"/>
  <system-out/>
  <testcase classname="Pages.Safdar" name="enterPassword" time="2.722"/>
  <system-out/>
  <testcase classname="Pages.Safdar" name="clickLogin" time="10.618"/>
  <system-out/>
</testsuite> <!-- Pages.Safdar -->
