<?xml version="1.0" encoding="UTF-8"?>
<!-- Generated by org.testng.reporters.JUnitReportReporter -->
<testsuite hostname="LAPTOP-3BL16AQ1" failures="0" tests="3" name="Listeners_Example.LoginToOrangeHRM" time="3.971" errors="0" timestamp="2023-06-08T19:16:47 IST" skipped="0">
  <testcase classname="Listeners_Example.LoginToOrangeHRM" name="enterUsername" time="1.587"/>
  <system-out/>
  <testcase classname="Listeners_Example.LoginToOrangeHRM" name="enterPassword" time="0.641"/>
  <system-out/>
  <testcase classname="Listeners_Example.LoginToOrangeHRM" name="clickLogin" time="1.743"/>
  <system-out/>
</testsuite> <!-- Listeners_Example.LoginToOrangeHRM -->
