<?xml version="1.0" encoding="UTF-8"?>
<!-- Generated by org.testng.reporters.JUnitReportReporter -->
<testsuite hostname="LAPTOP-3BL16AQ1" failures="0" tests="3" name="TestNG_Examples.LoginToOrangeHRM" time="5.545" errors="0" timestamp="2023-06-01T19:18:41 IST" skipped="0">
  <testcase classname="TestNG_Examples.LoginToOrangeHRM" name="enterUsername" time="1.363"/>
  <system-out/>
  <testcase classname="TestNG_Examples.LoginToOrangeHRM" name="enterPassword" time="1.538"/>
  <system-out/>
  <testcase classname="TestNG_Examples.LoginToOrangeHRM" name="clickLogin" time="2.644"/>
  <system-out/>
</testsuite> <!-- TestNG_Examples.LoginToOrangeHRM -->
