<?xml version="1.0" encoding="UTF-8"?>
<!-- Generated by org.testng.reporters.JUnitReportReporter -->
<testsuite hostname="LAPTOP-3BL16AQ1" failures="0" tests="3" name="TestNgAttributes.Timeouts_Attribute" time="2.187" errors="0" timestamp="2023-06-01T19:35:55 IST" skipped="0">
  <testcase classname="TestNgAttributes.Timeouts_Attribute" name="enterUsername" time="1.511"/>
  <system-out/>
  <testcase classname="TestNgAttributes.Timeouts_Attribute" name="enterPassword" time="0.438"/>
  <system-out/>
  <testcase classname="TestNgAttributes.Timeouts_Attribute" name="clickLogin" time="0.238"/>
  <system-out/>
</testsuite> <!-- TestNgAttributes.Timeouts_Attribute -->
