<?xml version="1.0" encoding="UTF-8"?>
<!-- Generated by org.testng.reporters.JUnitReportReporter -->
<testsuite hostname="LAPTOP-3BL16AQ1" failures="0" tests="3" name="TestNG_Examples.LoginToOrangeHRM_Screenshots" time="4.039" errors="0" timestamp="2023-06-02T19:34:48 IST" skipped="0">
  <testcase classname="TestNG_Examples.LoginToOrangeHRM_Screenshots" name="enterUsername" time="1.305"/>
  <system-out/>
  <testcase classname="TestNG_Examples.LoginToOrangeHRM_Screenshots" name="enterPassword" time="0.491"/>
  <system-out/>
  <testcase classname="TestNG_Examples.LoginToOrangeHRM_Screenshots" name="clickLogin" time="2.243"/>
  <system-out/>
</testsuite> <!-- TestNG_Examples.LoginToOrangeHRM_Screenshots -->
