<?xml version="1.0" encoding="UTF-8"?>
<!-- Generated by org.testng.reporters.JUnitReportReporter -->
<testsuite hostname="LAPTOP-3BL16AQ1" failures="0" tests="3" name="TestNG_Examples.LoginToOrangeHRM_Chrome" time="6.598" errors="0" timestamp="2023-06-01T19:24:18 IST" skipped="0">
  <testcase classname="TestNG_Examples.LoginToOrangeHRM_Chrome" name="enterUsername" time="2.594"/>
  <system-out/>
  <testcase classname="TestNG_Examples.LoginToOrangeHRM_Chrome" name="enterPassword" time="1.268"/>
  <system-out/>
  <testcase classname="TestNG_Examples.LoginToOrangeHRM_Chrome" name="clickLogin" time="2.736"/>
  <system-out/>
</testsuite> <!-- TestNG_Examples.LoginToOrangeHRM_Chrome -->
