<?xml version="1.0" encoding="UTF-8"?>
<!-- Generated by org.testng.reporters.JUnitReportReporter -->
<testsuite hostname="LAPTOP-3BL16AQ1" failures="0" tests="2" name="ExtentReports.ExtentReportExample" time="3.718" errors="0" timestamp="2023-06-07T19:14:36 IST" skipped="0">
  <testcase classname="ExtentReports.ExtentReportExample" name="loginToOrangeHRM" time="3.613"/>
  <system-out/>
  <testcase classname="ExtentReports.ExtentReportExample" name="clickLogout" time="0.105"/>
  <system-out/>
</testsuite> <!-- ExtentReports.ExtentReportExample -->
