<?xml version="1.0" encoding="UTF-8"?>
<!-- Generated by org.testng.reporters.JUnitReportReporter -->
<testsuite hostname="LAPTOP-3BL16AQ1" failures="0" tests="4" name="TestNgAssertions.HardAssertions" time="39.786" errors="0" timestamp="2023-06-02T19:47:59 IST" skipped="0">
  <testcase classname="TestNgAssertions.HardAssertions" name="verifyTitle" time="29.458"/>
  <system-out/>
  <testcase classname="TestNgAssertions.HardAssertions" name="enterUsername" time="3.612"/>
  <system-out/>
  <testcase classname="TestNgAssertions.HardAssertions" name="enterPassword" time="5.721"/>
  <system-out/>
  <testcase classname="TestNgAssertions.HardAssertions" name="clickLogin" time="0.995"/>
  <system-out/>
</testsuite> <!-- TestNgAssertions.HardAssertions -->
