<?xml version="1.0" encoding="UTF-8"?>
<!-- Generated by org.testng.reporters.JUnitReportReporter -->
<testsuite hostname="LAPTOP-3BL16AQ1" failures="0" tests="3" name="ExtentReports.ExtentReportExample2" time="0.024" errors="1" timestamp="2023-06-07T19:02:47 IST" skipped="2">
  <testcase classname="ExtentReports.ExtentReportExample2" name="loginToOrangeHRM" time="0.000">
    <skipped/>
  </testcase> <!-- loginToOrangeHRM -->
  <system-out/>
  <testcase classname="ExtentReports.ExtentReportExample2" name="startTest" time="0.024">
    <error type="java.lang.StackOverflowError">
      <![CDATA[java.lang.StackOverflowError
at ExtentReports.ExtentReportExample2.startTest(ExtentReportExample2.java:33)
at ExtentReports.ExtentReportExample2.startTest(ExtentReportExample2.java:33)
at ExtentReports.ExtentReportExample2.startTest(ExtentReportExample2.java:33)
at ExtentReports.ExtentReportExample2.startTest(ExtentReportExample2.java:33)
at ExtentReports.ExtentReportExample2.startTest(ExtentReportExample2.java:33)
at ExtentReports.ExtentReportExample2.startTest(ExtentReportExample2.java:33)
at ExtentReports.ExtentReportExample2.startTest(ExtentReportExample2.java:33)
at ExtentReports.ExtentReportExample2.startTest(ExtentReportExample2.java:33)
at ExtentReports.ExtentReportExample2.startTest(ExtentReportExample2.java:33)
at ExtentReports.ExtentReportExample2.startTest(ExtentReportExample2.java:33)
at ExtentReports.ExtentReportExample2.startTest(ExtentReportExample2.java:33)
at ExtentReports.ExtentReportExample2.startTest(ExtentReportExample2.java:33)
at ExtentReports.ExtentReportExample2.startTest(ExtentReportExample2.java:33)
at ExtentReports.ExtentReportExample2.startTest(ExtentReportExample2.java:33)
at ExtentReports.ExtentReportExample2.startTest(ExtentReportExample2.java:33)
at ExtentReports.ExtentReportExample2.startTest(ExtentReportExample2.java:33)
at ExtentReports.ExtentReportExample2.startTest(ExtentReportExample2.java:33)
at ExtentReports.ExtentReportExample2.startTest(ExtentReportExample2.java:33)
at ExtentReports.ExtentReportExample2.startTest(ExtentReportExample2.java:33)
at ExtentReports.ExtentReportExample2.startTest(ExtentReportExample2.java:33)
at ExtentReports.ExtentReportExample2.startTest(ExtentReportExample2.java:33)
at ExtentReports.ExtentReportExample2.startTest(ExtentReportExample2.java:33)
at ExtentReports.ExtentReportExample2.startTest(ExtentReportExample2.java:33)
at ExtentReports.ExtentReportExample2.startTest(ExtentReportExample2.java:33)
at ExtentReports.ExtentReportExample2.startTest(ExtentReportExample2.java:33)
at ExtentReports.ExtentReportExample2.startTest(ExtentReportExample2.java:33)
at ExtentReports.ExtentReportExample2.startTest(ExtentReportExample2.java:33)
at ExtentReports.ExtentReportExample2.startTest(ExtentReportExample2.java:33)
at ExtentReports.ExtentReportExample2.startTest(ExtentReportExample2.java:33)
at ExtentReports.ExtentReportExample2.startTest(ExtentReportExample2.java:33)
at ExtentReports.ExtentReportExample2.startTest(ExtentReportExample2.java:33)
at ExtentReports.ExtentReportExample2.startTest(ExtentReportExample2.java:33)
at ExtentReports.ExtentReportExample2.startTest(ExtentReportExample2.java:33)
at ExtentReports.ExtentReportExample2.startTest(ExtentReportExample2.java:33)
at ExtentReports.ExtentReportExample2.startTest(ExtentReportExample2.java:33)
at ExtentReports.ExtentReportExample2.startTest(ExtentReportExample2.java:33)
at ExtentReports.ExtentReportExample2.startTest(ExtentReportExample2.java:33)
at ExtentReports.ExtentReportExample2.startTest(ExtentReportExample2.java:33)
at ExtentReports.ExtentReportExample2.startTest(ExtentReportExample2.java:33)
at ExtentReports.ExtentReportExample2.startTest(ExtentReportExample2.java:33)
at ExtentReports.ExtentReportExample2.startTest(ExtentReportExample2.java:33)
at ExtentReports.ExtentReportExample2.startTest(ExtentReportExample2.java:33)
at ExtentReports.ExtentReportExample2.startTest(ExtentReportExample2.java:33)
at ExtentReports.ExtentReportExample2.startTest(ExtentReportExample2.java:33)
at ExtentReports.ExtentReportExample2.startTest(ExtentReportExample2.java:33)
at ExtentReports.ExtentReportExample2.startTest(ExtentReportExample2.java:33)
at ExtentReports.ExtentReportExample2.startTest(ExtentReportExample2.java:33)
at ExtentReports.ExtentReportExample2.startTest(ExtentReportExample2.java:33)
at ExtentReports.ExtentReportExample2.startTest(ExtentReportExample2.java:33)
at ExtentReports.ExtentReportExample2.startTest(ExtentReportExample2.java:33)
at ExtentReports.ExtentReportExample2.startTest(ExtentReportExample2.java:33)
at ExtentReports.ExtentReportExample2.startTest(ExtentReportExample2.java:33)
at ExtentReports.ExtentReportExample2.startTest(ExtentReportExample2.java:33)
at ExtentReports.ExtentReportExample2.startTest(ExtentReportExample2.java:33)
at ExtentReports.ExtentReportExample2.startTest(ExtentReportExample2.java:33)
at ExtentReports.ExtentReportExample2.startTest(ExtentReportExample2.java:33)
at ExtentReports.ExtentReportExample2.startTest(ExtentReportExample2.java:33)
at ExtentReports.ExtentReportExample2.startTest(ExtentReportExample2.java:33)
at ExtentReports.ExtentReportExample2.startTest(ExtentReportExample2.java:33)
at ExtentReports.ExtentReportExample2.startTest(ExtentReportExample2.java:33)
at ExtentReports.ExtentReportExample2.startTest(ExtentReportExample2.java:33)
at ExtentReports.ExtentReportExample2.startTest(ExtentReportExample2.java:33)
at ExtentReports.ExtentReportExample2.startTest(ExtentReportExample2.java:33)
at ExtentReports.ExtentReportExample2.startTest(ExtentReportExample2.java:33)
at ExtentReports.ExtentReportExample2.startTest(ExtentReportExample2.java:33)
at ExtentReports.ExtentReportExample2.startTest(ExtentReportExample2.java:33)
at ExtentReports.ExtentReportExample2.startTest(ExtentReportExample2.java:33)
at ExtentReports.ExtentReportExample2.startTest(ExtentReportExample2.java:33)
at ExtentReports.ExtentReportExample2.startTest(ExtentReportExample2.java:33)
at ExtentReports.ExtentReportExample2.startTest(ExtentReportExample2.java:33)
at ExtentReports.ExtentReportExample2.startTest(ExtentReportExample2.java:33)
at ExtentReports.ExtentReportExample2.startTest(ExtentReportExample2.java:33)
at ExtentReports.ExtentReportExample2.startTest(ExtentReportExample2.java:33)
at ExtentReports.ExtentReportExample2.startTest(ExtentReportExample2.java:33)
at ExtentReports.ExtentReportExample2.startTest(ExtentReportExample2.java:33)
at ExtentReports.ExtentReportExample2.startTest(ExtentReportExample2.java:33)
at ExtentReports.ExtentReportExample2.startTest(ExtentReportExample2.java:33)
at ExtentReports.ExtentReportExample2.startTest(ExtentReportExample2.java:33)
at ExtentReports.ExtentReportExample2.startTest(ExtentReportExample2.java:33)
at ExtentReports.ExtentReportExample2.startTest(ExtentReportExample2.java:33)
at ExtentReports.ExtentReportExample2.startTest(ExtentReportExample2.java:33)
at ExtentReports.ExtentReportExample2.startTest(ExtentReportExample2.java:33)
at ExtentReports.ExtentReportExample2.startTest(ExtentReportExample2.java:33)
at ExtentReports.ExtentReportExample2.startTest(ExtentReportExample2.java:33)
at ExtentReports.ExtentReportExample2.startTest(ExtentReportExample2.java:33)
at ExtentReports.ExtentReportExample2.startTest(ExtentReportExample2.java:33)
at ExtentReports.ExtentReportExample2.startTest(ExtentReportExample2.java:33)
at ExtentReports.ExtentReportExample2.startTest(ExtentReportExample2.java:33)
at ExtentReports.ExtentReportExample2.startTest(ExtentReportExample2.java:33)
at ExtentReports.ExtentReportExample2.startTest(ExtentReportExample2.java:33)
at ExtentReports.ExtentReportExample2.startTest(ExtentReportExample2.java:33)
at ExtentReports.ExtentReportExample2.startTest(ExtentReportExample2.java:33)
at ExtentReports.ExtentReportExample2.startTest(ExtentReportExample2.java:33)
at ExtentReports.ExtentReportExample2.startTest(ExtentReportExample2.java:33)
at ExtentReports.ExtentReportExample2.startTest(ExtentReportExample2.java:33)
at ExtentReports.ExtentReportExample2.startTest(ExtentReportExample2.java:33)
at ExtentReports.ExtentReportExample2.startTest(ExtentReportExample2.java:33)
at ExtentReports.ExtentReportExample2.startTest(ExtentReportExample2.java:33)
at ExtentReports.ExtentReportExample2.startTest(ExtentReportExample2.java:33)
at ExtentReports.ExtentReportExample2.startTest(ExtentReportExample2.java:33)
at ExtentReports.ExtentReportExample2.startTest(ExtentReportExample2.java:33)
at ExtentReports.ExtentReportExample2.startTest(ExtentReportExample2.java:33)
at ExtentReports.ExtentReportExample2.startTest(ExtentReportExample2.java:33)
at ExtentReports.ExtentReportExample2.startTest(ExtentReportExample2.java:33)
at ExtentReports.ExtentReportExample2.startTest(ExtentReportExample2.java:33)
at ExtentReports.ExtentReportExample2.startTest(ExtentReportExample2.java:33)
at ExtentReports.ExtentReportExample2.startTest(ExtentReportExample2.java:33)
at ExtentReports.ExtentReportExample2.startTest(ExtentReportExample2.java:33)
at ExtentReports.ExtentReportExample2.startTest(ExtentReportExample2.java:33)
at ExtentReports.ExtentReportExample2.startTest(ExtentReportExample2.java:33)
at ExtentReports.ExtentReportExample2.startTest(ExtentReportExample2.java:33)
at ExtentReports.ExtentReportExample2.startTest(ExtentReportExample2.java:33)
at ExtentReports.ExtentReportExample2.startTest(ExtentReportExample2.java:33)
at ExtentReports.ExtentReportExample2.startTest(ExtentReportExample2.java:33)
at ExtentReports.ExtentReportExample2.startTest(ExtentReportExample2.java:33)
at ExtentReports.ExtentReportExample2.startTest(ExtentReportExample2.java:33)
at ExtentReports.ExtentReportExample2.startTest(ExtentReportExample2.java:33)
at ExtentReports.ExtentReportExample2.startTest(ExtentReportExample2.java:33)
at ExtentReports.ExtentReportExample2.startTest(ExtentReportExample2.java:33)
at ExtentReports.ExtentReportExample2.startTest(ExtentReportExample2.java:33)
at ExtentReports.ExtentReportExample2.startTest(ExtentReportExample2.java:33)
at ExtentReports.ExtentReportExample2.startTest(ExtentReportExample2.java:33)
at ExtentReports.ExtentReportExample2.startTest(ExtentReportExample2.java:33)
at ExtentReports.ExtentReportExample2.startTest(ExtentReportExample2.java:33)
at ExtentReports.ExtentReportExample2.startTest(ExtentReportExample2.java:33)
at ExtentReports.ExtentReportExample2.startTest(ExtentReportExample2.java:33)
at ExtentReports.ExtentReportExample2.startTest(ExtentReportExample2.java:33)
at ExtentReports.ExtentReportExample2.startTest(ExtentReportExample2.java:33)
at ExtentReports.ExtentReportExample2.startTest(ExtentReportExample2.java:33)
at ExtentReports.ExtentReportExample2.startTest(ExtentReportExample2.java:33)
at ExtentReports.ExtentReportExample2.startTest(ExtentReportExample2.java:33)
at ExtentReports.ExtentReportExample2.startTest(ExtentReportExample2.java:33)
at ExtentReports.ExtentReportExample2.startTest(ExtentReportExample2.java:33)
at ExtentReports.ExtentReportExample2.startTest(ExtentReportExample2.java:33)
at ExtentReports.ExtentReportExample2.startTest(ExtentReportExample2.java:33)
at ExtentReports.ExtentReportExample2.startTest(ExtentReportExample2.java:33)
at ExtentReports.ExtentReportExample2.startTest(ExtentReportExample2.java:33)
at ExtentReports.ExtentReportExample2.startTest(ExtentReportExample2.java:33)
at ExtentReports.ExtentReportExample2.startTest(ExtentReportExample2.java:33)
at ExtentReports.ExtentReportExample2.startTest(ExtentReportExample2.java:33)
at ExtentReports.ExtentReportExample2.startTest(ExtentReportExample2.java:33)
at ExtentReports.ExtentReportExample2.startTest(ExtentReportExample2.java:33)
at ExtentReports.ExtentReportExample2.startTest(ExtentReportExample2.java:33)
at ExtentReports.ExtentReportExample2.startTest(ExtentReportExample2.java:33)
at ExtentReports.ExtentReportExample2.startTest(ExtentReportExample2.java:33)
at ExtentReports.ExtentReportExample2.startTest(ExtentReportExample2.java:33)
at ExtentReports.ExtentReportExample2.startTest(ExtentReportExample2.java:33)
at ExtentReports.ExtentReportExample2.startTest(ExtentReportExample2.java:33)
at ExtentReports.ExtentReportExample2.startTest(ExtentReportExample2.java:33)
at ExtentReports.ExtentReportExample2.startTest(ExtentReportExample2.java:33)
at ExtentReports.ExtentReportExample2.startTest(ExtentReportExample2.java:33)
at ExtentReports.ExtentReportExample2.startTest(ExtentReportExample2.java:33)
at ExtentReports.ExtentReportExample2.startTest(ExtentReportExample2.java:33)
at ExtentReports.ExtentReportExample2.startTest(ExtentReportExample2.java:33)
at ExtentReports.ExtentReportExample2.startTest(ExtentReportExample2.java:33)
at ExtentReports.ExtentReportExample2.startTest(ExtentReportExample2.java:33)
at ExtentReports.ExtentReportExample2.startTest(ExtentReportExample2.java:33)
at ExtentReports.ExtentReportExample2.startTest(ExtentReportExample2.java:33)
at ExtentReports.ExtentReportExample2.startTest(ExtentReportExample2.java:33)
at ExtentReports.ExtentReportExample2.startTest(ExtentReportExample2.java:33)
at ExtentReports.ExtentReportExample2.startTest(ExtentReportExample2.java:33)
at ExtentReports.ExtentReportExample2.startTest(ExtentReportExample2.java:33)
at ExtentReports.ExtentReportExample2.startTest(ExtentReportExample2.java:33)
at ExtentReports.ExtentReportExample2.startTest(ExtentReportExample2.java:33)
at ExtentReports.ExtentReportExample2.startTest(ExtentReportExample2.java:33)
at ExtentReports.ExtentReportExample2.startTest(ExtentReportExample2.java:33)
at ExtentReports.ExtentReportExample2.startTest(ExtentReportExample2.java:33)
at ExtentReports.ExtentReportExample2.startTest(ExtentReportExample2.java:33)
at ExtentReports.ExtentReportExample2.startTest(ExtentReportExample2.java:33)
at ExtentReports.ExtentReportExample2.startTest(ExtentReportExample2.java:33)
at ExtentReports.ExtentReportExample2.startTest(ExtentReportExample2.java:33)
at ExtentReports.ExtentReportExample2.startTest(ExtentReportExample2.java:33)
at ExtentReports.ExtentReportExample2.startTest(ExtentReportExample2.java:33)
at ExtentReports.ExtentReportExample2.startTest(ExtentReportExample2.java:33)
at ExtentReports.ExtentReportExample2.startTest(ExtentReportExample2.java:33)
at ExtentReports.ExtentReportExample2.startTest(ExtentReportExample2.java:33)
at ExtentReports.ExtentReportExample2.startTest(ExtentReportExample2.java:33)
at ExtentReports.ExtentReportExample2.startTest(ExtentReportExample2.java:33)
at ExtentReports.ExtentReportExample2.startTest(ExtentReportExample2.java:33)
at ExtentReports.ExtentReportExample2.startTest(ExtentReportExample2.java:33)
at ExtentReports.ExtentReportExample2.startTest(ExtentReportExample2.java:33)
at ExtentReports.ExtentReportExample2.startTest(ExtentReportExample2.java:33)
at ExtentReports.ExtentReportExample2.startTest(ExtentReportExample2.java:33)
at ExtentReports.ExtentReportExample2.startTest(ExtentReportExample2.java:33)
at ExtentReports.ExtentReportExample2.startTest(ExtentReportExample2.java:33)
at ExtentReports.ExtentReportExample2.startTest(ExtentReportExample2.java:33)
at ExtentReports.ExtentReportExample2.startTest(ExtentReportExample2.java:33)
at ExtentReports.ExtentReportExample2.startTest(ExtentReportExample2.java:33)
at ExtentReports.ExtentReportExample2.startTest(ExtentReportExample2.java:33)
at ExtentReports.ExtentReportExample2.startTest(ExtentReportExample2.java:33)
at ExtentReports.ExtentReportExample2.startTest(ExtentReportExample2.java:33)
at ExtentReports.ExtentReportExample2.startTest(ExtentReportExample2.java:33)
at ExtentReports.ExtentReportExample2.startTest(ExtentReportExample2.java:33)
at ExtentReports.ExtentReportExample2.startTest(ExtentReportExample2.java:33)
at ExtentReports.ExtentReportExample2.startTest(ExtentReportExample2.java:33)
at ExtentReports.ExtentReportExample2.startTest(ExtentReportExample2.java:33)
at ExtentReports.ExtentReportExample2.startTest(ExtentReportExample2.java:33)
at ExtentReports.ExtentReportExample2.startTest(ExtentReportExample2.java:33)
at ExtentReports.ExtentReportExample2.startTest(ExtentReportExample2.java:33)
at ExtentReports.ExtentReportExample2.startTest(ExtentReportExample2.java:33)
at ExtentReports.ExtentReportExample2.startTest(ExtentReportExample2.java:33)
at ExtentReports.ExtentReportExample2.startTest(ExtentReportExample2.java:33)
at ExtentReports.ExtentReportExample2.startTest(ExtentReportExample2.java:33)
at ExtentReports.ExtentReportExample2.startTest(ExtentReportExample2.java:33)
at ExtentReports.ExtentReportExample2.startTest(ExtentReportExample2.java:33)
at ExtentReports.ExtentReportExample2.startTest(ExtentReportExample2.java:33)
at ExtentReports.ExtentReportExample2.startTest(ExtentReportExample2.java:33)
at ExtentReports.ExtentReportExample2.startTest(ExtentReportExample2.java:33)
at ExtentReports.ExtentReportExample2.startTest(ExtentReportExample2.java:33)
at ExtentReports.ExtentReportExample2.startTest(ExtentReportExample2.java:33)
at ExtentReports.ExtentReportExample2.startTest(ExtentReportExample2.java:33)
at ExtentReports.ExtentReportExample2.startTest(ExtentReportExample2.java:33)
at ExtentReports.ExtentReportExample2.startTest(ExtentReportExample2.java:33)
at ExtentReports.ExtentReportExample2.startTest(ExtentReportExample2.java:33)
at ExtentReports.ExtentReportExample2.startTest(ExtentReportExample2.java:33)
at ExtentReports.ExtentReportExample2.startTest(ExtentReportExample2.java:33)
at ExtentReports.ExtentReportExample2.startTest(ExtentReportExample2.java:33)
at ExtentReports.ExtentReportExample2.startTest(ExtentReportExample2.java:33)
at ExtentReports.ExtentReportExample2.startTest(ExtentReportExample2.java:33)
at ExtentReports.ExtentReportExample2.startTest(ExtentReportExample2.java:33)
at ExtentReports.ExtentReportExample2.startTest(ExtentReportExample2.java:33)
at ExtentReports.ExtentReportExample2.startTest(ExtentReportExample2.java:33)
at ExtentReports.ExtentReportExample2.startTest(ExtentReportExample2.java:33)
at ExtentReports.ExtentReportExample2.startTest(ExtentReportExample2.java:33)
at ExtentReports.ExtentReportExample2.startTest(ExtentReportExample2.java:33)
at ExtentReports.ExtentReportExample2.startTest(ExtentReportExample2.java:33)
at ExtentReports.ExtentReportExample2.startTest(ExtentReportExample2.java:33)
at ExtentReports.ExtentReportExample2.startTest(ExtentReportExample2.java:33)
at ExtentReports.ExtentReportExample2.startTest(ExtentReportExample2.java:33)
at ExtentReports.ExtentReportExample2.startTest(ExtentReportExample2.java:33)
at ExtentReports.ExtentReportExample2.startTest(ExtentReportExample2.java:33)
at ExtentReports.ExtentReportExample2.startTest(ExtentReportExample2.java:33)
at ExtentReports.ExtentReportExample2.startTest(ExtentReportExample2.java:33)
at ExtentReports.ExtentReportExample2.startTest(ExtentReportExample2.java:33)
at ExtentReports.ExtentReportExample2.startTest(ExtentReportExample2.java:33)
at ExtentReports.ExtentReportExample2.startTest(ExtentReportExample2.java:33)
at ExtentReports.ExtentReportExample2.startTest(ExtentReportExample2.java:33)
at ExtentReports.ExtentReportExample2.startTest(ExtentReportExample2.java:33)
at ExtentReports.ExtentReportExample2.startTest(ExtentReportExample2.java:33)
at ExtentReports.ExtentReportExample2.startTest(ExtentReportExample2.java:33)
at ExtentReports.ExtentReportExample2.startTest(ExtentReportExample2.java:33)
at ExtentReports.ExtentReportExample2.startTest(ExtentReportExample2.java:33)
at ExtentReports.ExtentReportExample2.startTest(ExtentReportExample2.java:33)
at ExtentReports.ExtentReportExample2.startTest(ExtentReportExample2.java:33)
at ExtentReports.ExtentReportExample2.startTest(ExtentReportExample2.java:33)
at ExtentReports.ExtentReportExample2.startTest(ExtentReportExample2.java:33)
at ExtentReports.ExtentReportExample2.startTest(ExtentReportExample2.java:33)
at ExtentReports.ExtentReportExample2.startTest(ExtentReportExample2.java:33)
at ExtentReports.ExtentReportExample2.startTest(ExtentReportExample2.java:33)
at ExtentReports.ExtentReportExample2.startTest(ExtentReportExample2.java:33)
at ExtentReports.ExtentReportExample2.startTest(ExtentReportExample2.java:33)
at ExtentReports.ExtentReportExample2.startTest(ExtentReportExample2.java:33)
at ExtentReports.ExtentReportExample2.startTest(ExtentReportExample2.java:33)
at ExtentReports.ExtentReportExample2.startTest(ExtentReportExample2.java:33)
at ExtentReports.ExtentReportExample2.startTest(ExtentReportExample2.java:33)
at ExtentReports.ExtentReportExample2.startTest(ExtentReportExample2.java:33)
at ExtentReports.ExtentReportExample2.startTest(ExtentReportExample2.java:33)
at ExtentReports.ExtentReportExample2.startTest(ExtentReportExample2.java:33)
at ExtentReports.ExtentReportExample2.startTest(ExtentReportExample2.java:33)
at ExtentReports.ExtentReportExample2.startTest(ExtentReportExample2.java:33)
at ExtentReports.ExtentReportExample2.startTest(ExtentReportExample2.java:33)
at ExtentReports.ExtentReportExample2.startTest(ExtentReportExample2.java:33)
at ExtentReports.ExtentReportExample2.startTest(ExtentReportExample2.java:33)
at ExtentReports.ExtentReportExample2.startTest(ExtentReportExample2.java:33)
at ExtentReports.ExtentReportExample2.startTest(ExtentReportExample2.java:33)
at ExtentReports.ExtentReportExample2.startTest(ExtentReportExample2.java:33)
at ExtentReports.ExtentReportExample2.startTest(ExtentReportExample2.java:33)
at ExtentReports.ExtentReportExample2.startTest(ExtentReportExample2.java:33)
at ExtentReports.ExtentReportExample2.startTest(ExtentReportExample2.java:33)
at ExtentReports.ExtentReportExample2.startTest(ExtentReportExample2.java:33)
at ExtentReports.ExtentReportExample2.startTest(ExtentReportExample2.java:33)
at ExtentReports.ExtentReportExample2.startTest(ExtentReportExample2.java:33)
at ExtentReports.ExtentReportExample2.startTest(ExtentReportExample2.java:33)
at ExtentReports.ExtentReportExample2.startTest(ExtentReportExample2.java:33)
at ExtentReports.ExtentReportExample2.startTest(ExtentReportExample2.java:33)
at ExtentReports.ExtentReportExample2.startTest(ExtentReportExample2.java:33)
at ExtentReports.ExtentReportExample2.startTest(ExtentReportExample2.java:33)
at ExtentReports.ExtentReportExample2.startTest(ExtentReportExample2.java:33)
at ExtentReports.ExtentReportExample2.startTest(ExtentReportExample2.java:33)
at ExtentReports.ExtentReportExample2.startTest(ExtentReportExample2.java:33)
at ExtentReports.ExtentReportExample2.startTest(ExtentReportExample2.java:33)
at ExtentReports.ExtentReportExample2.startTest(ExtentReportExample2.java:33)
at ExtentReports.ExtentReportExample2.startTest(ExtentReportExample2.java:33)
at ExtentReports.ExtentReportExample2.startTest(ExtentReportExample2.java:33)
at ExtentReports.ExtentReportExample2.startTest(ExtentReportExample2.java:33)
at ExtentReports.ExtentReportExample2.startTest(ExtentReportExample2.java:33)
at ExtentReports.ExtentReportExample2.startTest(ExtentReportExample2.java:33)
at ExtentReports.ExtentReportExample2.startTest(ExtentReportExample2.java:33)
at ExtentReports.ExtentReportExample2.startTest(ExtentReportExample2.java:33)
at ExtentReports.ExtentReportExample2.startTest(ExtentReportExample2.java:33)
at ExtentReports.ExtentReportExample2.startTest(ExtentReportExample2.java:33)
at ExtentReports.ExtentReportExample2.startTest(ExtentReportExample2.java:33)
at ExtentReports.ExtentReportExample2.startTest(ExtentReportExample2.java:33)
at ExtentReports.ExtentReportExample2.startTest(ExtentReportExample2.java:33)
at ExtentReports.ExtentReportExample2.startTest(ExtentReportExample2.java:33)
at ExtentReports.ExtentReportExample2.startTest(ExtentReportExample2.java:33)
at ExtentReports.ExtentReportExample2.startTest(ExtentReportExample2.java:33)
at ExtentReports.ExtentReportExample2.startTest(ExtentReportExample2.java:33)
at ExtentReports.ExtentReportExample2.startTest(ExtentReportExample2.java:33)
at ExtentReports.ExtentReportExample2.startTest(ExtentReportExample2.java:33)
at ExtentReports.ExtentReportExample2.startTest(ExtentReportExample2.java:33)
at ExtentReports.ExtentReportExample2.startTest(ExtentReportExample2.java:33)
at ExtentReports.ExtentReportExample2.startTest(ExtentReportExample2.java:33)
at ExtentReports.ExtentReportExample2.startTest(ExtentReportExample2.java:33)
at ExtentReports.ExtentReportExample2.startTest(ExtentReportExample2.java:33)
at ExtentReports.ExtentReportExample2.startTest(ExtentReportExample2.java:33)
at ExtentReports.ExtentReportExample2.startTest(ExtentReportExample2.java:33)
at ExtentReports.ExtentReportExample2.startTest(ExtentReportExample2.java:33)
at ExtentReports.ExtentReportExample2.startTest(ExtentReportExample2.java:33)
at ExtentReports.ExtentReportExample2.startTest(ExtentReportExample2.java:33)
at ExtentReports.ExtentReportExample2.startTest(ExtentReportExample2.java:33)
at ExtentReports.ExtentReportExample2.startTest(ExtentReportExample2.java:33)
at ExtentReports.ExtentReportExample2.startTest(ExtentReportExample2.java:33)
at ExtentReports.ExtentReportExample2.startTest(ExtentReportExample2.java:33)
at ExtentReports.ExtentReportExample2.startTest(ExtentReportExample2.java:33)
at ExtentReports.ExtentReportExample2.startTest(ExtentReportExample2.java:33)
at ExtentReports.ExtentReportExample2.startTest(ExtentReportExample2.java:33)
at ExtentReports.ExtentReportExample2.startTest(ExtentReportExample2.java:33)
at ExtentReports.ExtentReportExample2.startTest(ExtentReportExample2.java:33)
at ExtentReports.ExtentReportExample2.startTest(ExtentReportExample2.java:33)
at ExtentReports.ExtentReportExample2.startTest(ExtentReportExample2.java:33)
at ExtentReports.ExtentReportExample2.startTest(ExtentReportExample2.java:33)
at ExtentReports.ExtentReportExample2.startTest(ExtentReportExample2.java:33)
at ExtentReports.ExtentReportExample2.startTest(ExtentReportExample2.java:33)
at ExtentReports.ExtentReportExample2.startTest(ExtentReportExample2.java:33)
at ExtentReports.ExtentReportExample2.startTest(ExtentReportExample2.java:33)
at ExtentReports.ExtentReportExample2.startTest(ExtentReportExample2.java:33)
at ExtentReports.ExtentReportExample2.startTest(ExtentReportExample2.java:33)
at ExtentReports.ExtentReportExample2.startTest(ExtentReportExample2.java:33)
at ExtentReports.ExtentReportExample2.startTest(ExtentReportExample2.java:33)
at ExtentReports.ExtentReportExample2.startTest(ExtentReportExample2.java:33)
at ExtentReports.ExtentReportExample2.startTest(ExtentReportExample2.java:33)
at ExtentReports.ExtentReportExample2.startTest(ExtentReportExample2.java:33)
at ExtentReports.ExtentReportExample2.startTest(ExtentReportExample2.java:33)
at ExtentReports.ExtentReportExample2.startTest(ExtentReportExample2.java:33)
at ExtentReports.ExtentReportExample2.startTest(ExtentReportExample2.java:33)
at ExtentReports.ExtentReportExample2.startTest(ExtentReportExample2.java:33)
at ExtentReports.ExtentReportExample2.startTest(ExtentReportExample2.java:33)
at ExtentReports.ExtentReportExample2.startTest(ExtentReportExample2.java:33)
at ExtentReports.ExtentReportExample2.startTest(ExtentReportExample2.java:33)
at ExtentReports.ExtentReportExample2.startTest(ExtentReportExample2.java:33)
at ExtentReports.ExtentReportExample2.startTest(ExtentReportExample2.java:33)
at ExtentReports.ExtentReportExample2.startTest(ExtentReportExample2.java:33)
at ExtentReports.ExtentReportExample2.startTest(ExtentReportExample2.java:33)
at ExtentReports.ExtentReportExample2.startTest(ExtentReportExample2.java:33)
at ExtentReports.ExtentReportExample2.startTest(ExtentReportExample2.java:33)
at ExtentReports.ExtentReportExample2.startTest(ExtentReportExample2.java:33)
at ExtentReports.ExtentReportExample2.startTest(ExtentReportExample2.java:33)
at ExtentReports.ExtentReportExample2.startTest(ExtentReportExample2.java:33)
at ExtentReports.ExtentReportExample2.startTest(ExtentReportExample2.java:33)
at ExtentReports.ExtentReportExample2.startTest(ExtentReportExample2.java:33)
at ExtentReports.ExtentReportExample2.startTest(ExtentReportExample2.java:33)
at ExtentReports.ExtentReportExample2.startTest(ExtentReportExample2.java:33)
at ExtentReports.ExtentReportExample2.startTest(ExtentReportExample2.java:33)
at ExtentReports.ExtentReportExample2.startTest(ExtentReportExample2.java:33)
at ExtentReports.ExtentReportExample2.startTest(ExtentReportExample2.java:33)
at ExtentReports.ExtentReportExample2.startTest(ExtentReportExample2.java:33)
at ExtentReports.ExtentReportExample2.startTest(ExtentReportExample2.java:33)
at ExtentReports.ExtentReportExample2.startTest(ExtentReportExample2.java:33)
at ExtentReports.ExtentReportExample2.startTest(ExtentReportExample2.java:33)
at ExtentReports.ExtentReportExample2.startTest(ExtentReportExample2.java:33)
at ExtentReports.ExtentReportExample2.startTest(ExtentReportExample2.java:33)
at ExtentReports.ExtentReportExample2.startTest(ExtentReportExample2.java:33)
at ExtentReports.ExtentReportExample2.startTest(ExtentReportExample2.java:33)
at ExtentReports.ExtentReportExample2.startTest(ExtentReportExample2.java:33)
at ExtentReports.ExtentReportExample2.startTest(ExtentReportExample2.java:33)
at ExtentReports.ExtentReportExample2.startTest(ExtentReportExample2.java:33)
at ExtentReports.ExtentReportExample2.startTest(ExtentReportExample2.java:33)
at ExtentReports.ExtentReportExample2.startTest(ExtentReportExample2.java:33)
at ExtentReports.ExtentReportExample2.startTest(ExtentReportExample2.java:33)
at ExtentReports.ExtentReportExample2.startTest(ExtentReportExample2.java:33)
at ExtentReports.ExtentReportExample2.startTest(ExtentReportExample2.java:33)
at ExtentReports.ExtentReportExample2.startTest(ExtentReportExample2.java:33)
at ExtentReports.ExtentReportExample2.startTest(ExtentReportExample2.java:33)
at ExtentReports.ExtentReportExample2.startTest(ExtentReportExample2.java:33)
at ExtentReports.ExtentReportExample2.startTest(ExtentReportExample2.java:33)
at ExtentReports.ExtentReportExample2.startTest(ExtentReportExample2.java:33)
at ExtentReports.ExtentReportExample2.startTest(ExtentReportExample2.java:33)
at ExtentReports.ExtentReportExample2.startTest(ExtentReportExample2.java:33)
at ExtentReports.ExtentReportExample2.startTest(ExtentReportExample2.java:33)
at ExtentReports.ExtentReportExample2.startTest(ExtentReportExample2.java:33)
at ExtentReports.ExtentReportExample2.startTest(ExtentReportExample2.java:33)
at ExtentReports.ExtentReportExample2.startTest(ExtentReportExample2.java:33)
at ExtentReports.ExtentReportExample2.startTest(ExtentReportExample2.java:33)
at ExtentReports.ExtentReportExample2.startTest(ExtentReportExample2.java:33)
at ExtentReports.ExtentReportExample2.startTest(ExtentReportExample2.java:33)
at ExtentReports.ExtentReportExample2.startTest(ExtentReportExample2.java:33)
at ExtentReports.ExtentReportExample2.startTest(ExtentReportExample2.java:33)
at ExtentReports.ExtentReportExample2.startTest(ExtentReportExample2.java:33)
at ExtentReports.ExtentReportExample2.startTest(ExtentReportExample2.java:33)
at ExtentReports.ExtentReportExample2.startTest(ExtentReportExample2.java:33)
at ExtentReports.ExtentReportExample2.startTest(ExtentReportExample2.java:33)
at ExtentReports.ExtentReportExample2.startTest(ExtentReportExample2.java:33)
at ExtentReports.ExtentReportExample2.startTest(ExtentReportExample2.java:33)
at ExtentReports.ExtentReportExample2.startTest(ExtentReportExample2.java:33)
at ExtentReports.ExtentReportExample2.startTest(ExtentReportExample2.java:33)
at ExtentReports.ExtentReportExample2.startTest(ExtentReportExample2.java:33)
at ExtentReports.ExtentReportExample2.startTest(ExtentReportExample2.java:33)
at ExtentReports.ExtentReportExample2.startTest(ExtentReportExample2.java:33)
at ExtentReports.ExtentReportExample2.startTest(ExtentReportExample2.java:33)
at ExtentReports.ExtentReportExample2.startTest(ExtentReportExample2.java:33)
at ExtentReports.ExtentReportExample2.startTest(ExtentReportExample2.java:33)
at ExtentReports.ExtentReportExample2.startTest(ExtentReportExample2.java:33)
at ExtentReports.ExtentReportExample2.startTest(ExtentReportExample2.java:33)
at ExtentReports.ExtentReportExample2.startTest(ExtentReportExample2.java:33)
at ExtentReports.ExtentReportExample2.startTest(ExtentReportExample2.java:33)
at ExtentReports.ExtentReportExample2.startTest(ExtentReportExample2.java:33)
at ExtentReports.ExtentReportExample2.startTest(ExtentReportExample2.java:33)
at ExtentReports.ExtentReportExample2.startTest(ExtentReportExample2.java:33)
at ExtentReports.ExtentReportExample2.startTest(ExtentReportExample2.java:33)
at ExtentReports.ExtentReportExample2.startTest(ExtentReportExample2.java:33)
at ExtentReports.ExtentReportExample2.startTest(ExtentReportExample2.java:33)
at ExtentReports.ExtentReportExample2.startTest(ExtentReportExample2.java:33)
at ExtentReports.ExtentReportExample2.startTest(ExtentReportExample2.java:33)
at ExtentReports.ExtentReportExample2.startTest(ExtentReportExample2.java:33)
at ExtentReports.ExtentReportExample2.startTest(ExtentReportExample2.java:33)
at ExtentReports.ExtentReportExample2.startTest(ExtentReportExample2.java:33)
at ExtentReports.ExtentReportExample2.startTest(ExtentReportExample2.java:33)
at ExtentReports.ExtentReportExample2.startTest(ExtentReportExample2.java:33)
at ExtentReports.ExtentReportExample2.startTest(ExtentReportExample2.java:33)
at ExtentReports.ExtentReportExample2.startTest(ExtentReportExample2.java:33)
at ExtentReports.ExtentReportExample2.startTest(ExtentReportExample2.java:33)
at ExtentReports.ExtentReportExample2.startTest(ExtentReportExample2.java:33)
at ExtentReports.ExtentReportExample2.startTest(ExtentReportExample2.java:33)
at ExtentReports.ExtentReportExample2.startTest(ExtentReportExample2.java:33)
at ExtentReports.ExtentReportExample2.startTest(ExtentReportExample2.java:33)
at ExtentReports.ExtentReportExample2.startTest(ExtentReportExample2.java:33)
at ExtentReports.ExtentReportExample2.startTest(ExtentReportExample2.java:33)
at ExtentReports.ExtentReportExample2.startTest(ExtentReportExample2.java:33)
at ExtentReports.ExtentReportExample2.startTest(ExtentReportExample2.java:33)
at ExtentReports.ExtentReportExample2.startTest(ExtentReportExample2.java:33)
at ExtentReports.ExtentReportExample2.startTest(ExtentReportExample2.java:33)
at ExtentReports.ExtentReportExample2.startTest(ExtentReportExample2.java:33)
at ExtentReports.ExtentReportExample2.startTest(ExtentReportExample2.java:33)
at ExtentReports.ExtentReportExample2.startTest(ExtentReportExample2.java:33)
at ExtentReports.ExtentReportExample2.startTest(ExtentReportExample2.java:33)
at ExtentReports.ExtentReportExample2.startTest(ExtentReportExample2.java:33)
at ExtentReports.ExtentReportExample2.startTest(ExtentReportExample2.java:33)
at ExtentReports.ExtentReportExample2.startTest(ExtentReportExample2.java:33)
at ExtentReports.ExtentReportExample2.startTest(ExtentReportExample2.java:33)
at ExtentReports.ExtentReportExample2.startTest(ExtentReportExample2.java:33)
at ExtentReports.ExtentReportExample2.startTest(ExtentReportExample2.java:33)
at ExtentReports.ExtentReportExample2.startTest(ExtentReportExample2.java:33)
at ExtentReports.ExtentReportExample2.startTest(ExtentReportExample2.java:33)
at ExtentReports.ExtentReportExample2.startTest(ExtentReportExample2.java:33)
at ExtentReports.ExtentReportExample2.startTest(ExtentReportExample2.java:33)
at ExtentReports.ExtentReportExample2.startTest(ExtentReportExample2.java:33)
at ExtentReports.ExtentReportExample2.startTest(ExtentReportExample2.java:33)
at ExtentReports.ExtentReportExample2.startTest(ExtentReportExample2.java:33)
at ExtentReports.ExtentReportExample2.startTest(ExtentReportExample2.java:33)
at ExtentReports.ExtentReportExample2.startTest(ExtentReportExample2.java:33)
at ExtentReports.ExtentReportExample2.startTest(ExtentReportExample2.java:33)
at ExtentReports.ExtentReportExample2.startTest(ExtentReportExample2.java:33)
at ExtentReports.ExtentReportExample2.startTest(ExtentReportExample2.java:33)
at ExtentReports.ExtentReportExample2.startTest(ExtentReportExample2.java:33)
at ExtentReports.ExtentReportExample2.startTest(ExtentReportExample2.java:33)
at ExtentReports.ExtentReportExample2.startTest(ExtentReportExample2.java:33)
at ExtentReports.ExtentReportExample2.startTest(ExtentReportExample2.java:33)
at ExtentReports.ExtentReportExample2.startTest(ExtentReportExample2.java:33)
at ExtentReports.ExtentReportExample2.startTest(ExtentReportExample2.java:33)
at ExtentReports.ExtentReportExample2.startTest(ExtentReportExample2.java:33)
at ExtentReports.ExtentReportExample2.startTest(ExtentReportExample2.java:33)
at ExtentReports.ExtentReportExample2.startTest(ExtentReportExample2.java:33)
at ExtentReports.ExtentReportExample2.startTest(ExtentReportExample2.java:33)
at ExtentReports.ExtentReportExample2.startTest(ExtentReportExample2.java:33)
at ExtentReports.ExtentReportExample2.startTest(ExtentReportExample2.java:33)
at ExtentReports.ExtentReportExample2.startTest(ExtentReportExample2.java:33)
at ExtentReports.ExtentReportExample2.startTest(ExtentReportExample2.java:33)
at ExtentReports.ExtentReportExample2.startTest(ExtentReportExample2.java:33)
at ExtentReports.ExtentReportExample2.startTest(ExtentReportExample2.java:33)
at ExtentReports.ExtentReportExample2.startTest(ExtentReportExample2.java:33)
at ExtentReports.ExtentReportExample2.startTest(ExtentReportExample2.java:33)
at ExtentReports.ExtentReportExample2.startTest(ExtentReportExample2.java:33)
at ExtentReports.ExtentReportExample2.startTest(ExtentReportExample2.java:33)
at ExtentReports.ExtentReportExample2.startTest(ExtentReportExample2.java:33)
at ExtentReports.ExtentReportExample2.startTest(ExtentReportExample2.java:33)
at ExtentReports.ExtentReportExample2.startTest(ExtentReportExample2.java:33)
at ExtentReports.ExtentReportExample2.startTest(ExtentReportExample2.java:33)
at ExtentReports.ExtentReportExample2.startTest(ExtentReportExample2.java:33)
at ExtentReports.ExtentReportExample2.startTest(ExtentReportExample2.java:33)
at ExtentReports.ExtentReportExample2.startTest(ExtentReportExample2.java:33)
at ExtentReports.ExtentReportExample2.startTest(ExtentReportExample2.java:33)
at ExtentReports.ExtentReportExample2.startTest(ExtentReportExample2.java:33)
at ExtentReports.ExtentReportExample2.startTest(ExtentReportExample2.java:33)
at ExtentReports.ExtentReportExample2.startTest(ExtentReportExample2.java:33)
at ExtentReports.ExtentReportExample2.startTest(ExtentReportExample2.java:33)
at ExtentReports.ExtentReportExample2.startTest(ExtentReportExample2.java:33)
at ExtentReports.ExtentReportExample2.startTest(ExtentReportExample2.java:33)
at ExtentReports.ExtentReportExample2.startTest(ExtentReportExample2.java:33)
at ExtentReports.ExtentReportExample2.startTest(ExtentReportExample2.java:33)
at ExtentReports.ExtentReportExample2.startTest(ExtentReportExample2.java:33)
at ExtentReports.ExtentReportExample2.startTest(ExtentReportExample2.java:33)
at ExtentReports.ExtentReportExample2.startTest(ExtentReportExample2.java:33)
at ExtentReports.ExtentReportExample2.startTest(ExtentReportExample2.java:33)
at ExtentReports.ExtentReportExample2.startTest(ExtentReportExample2.java:33)
at ExtentReports.ExtentReportExample2.startTest(ExtentReportExample2.java:33)
at ExtentReports.ExtentReportExample2.startTest(ExtentReportExample2.java:33)
at ExtentReports.ExtentReportExample2.startTest(ExtentReportExample2.java:33)
at ExtentReports.ExtentReportExample2.startTest(ExtentReportExample2.java:33)
at ExtentReports.ExtentReportExample2.startTest(ExtentReportExample2.java:33)
at ExtentReports.ExtentReportExample2.startTest(ExtentReportExample2.java:33)
at ExtentReports.ExtentReportExample2.startTest(ExtentReportExample2.java:33)
at ExtentReports.ExtentReportExample2.startTest(ExtentReportExample2.java:33)
at ExtentReports.ExtentReportExample2.startTest(ExtentReportExample2.java:33)
at ExtentReports.ExtentReportExample2.startTest(ExtentReportExample2.java:33)
at ExtentReports.ExtentReportExample2.startTest(ExtentReportExample2.java:33)
at ExtentReports.ExtentReportExample2.startTest(ExtentReportExample2.java:33)
at ExtentReports.ExtentReportExample2.startTest(ExtentReportExample2.java:33)
at ExtentReports.ExtentReportExample2.startTest(ExtentReportExample2.java:33)
at ExtentReports.ExtentReportExample2.startTest(ExtentReportExample2.java:33)
at ExtentReports.ExtentReportExample2.startTest(ExtentReportExample2.java:33)
at ExtentReports.ExtentReportExample2.startTest(ExtentReportExample2.java:33)
at ExtentReports.ExtentReportExample2.startTest(ExtentReportExample2.java:33)
at ExtentReports.ExtentReportExample2.startTest(ExtentReportExample2.java:33)
at ExtentReports.ExtentReportExample2.startTest(ExtentReportExample2.java:33)
at ExtentReports.ExtentReportExample2.startTest(ExtentReportExample2.java:33)
at ExtentReports.ExtentReportExample2.startTest(ExtentReportExample2.java:33)
at ExtentReports.ExtentReportExample2.startTest(ExtentReportExample2.java:33)
at ExtentReports.ExtentReportExample2.startTest(ExtentReportExample2.java:33)
at ExtentReports.ExtentReportExample2.startTest(ExtentReportExample2.java:33)
at ExtentReports.ExtentReportExample2.startTest(ExtentReportExample2.java:33)
at ExtentReports.ExtentReportExample2.startTest(ExtentReportExample2.java:33)
at ExtentReports.ExtentReportExample2.startTest(ExtentReportExample2.java:33)
at ExtentReports.ExtentReportExample2.startTest(ExtentReportExample2.java:33)
at ExtentReports.ExtentReportExample2.startTest(ExtentReportExample2.java:33)
at ExtentReports.ExtentReportExample2.startTest(ExtentReportExample2.java:33)
at ExtentReports.ExtentReportExample2.startTest(ExtentReportExample2.java:33)
at ExtentReports.ExtentReportExample2.startTest(ExtentReportExample2.java:33)
at ExtentReports.ExtentReportExample2.startTest(ExtentReportExample2.java:33)
at ExtentReports.ExtentReportExample2.startTest(ExtentReportExample2.java:33)
at ExtentReports.ExtentReportExample2.startTest(ExtentReportExample2.java:33)
at ExtentReports.ExtentReportExample2.startTest(ExtentReportExample2.java:33)
at ExtentReports.ExtentReportExample2.startTest(ExtentReportExample2.java:33)
at ExtentReports.ExtentReportExample2.startTest(ExtentReportExample2.java:33)
at ExtentReports.ExtentReportExample2.startTest(ExtentReportExample2.java:33)
at ExtentReports.ExtentReportExample2.startTest(ExtentReportExample2.java:33)
at ExtentReports.ExtentReportExample2.startTest(ExtentReportExample2.java:33)
at ExtentReports.ExtentReportExample2.startTest(ExtentReportExample2.java:33)
at ExtentReports.ExtentReportExample2.startTest(ExtentReportExample2.java:33)
at ExtentReports.ExtentReportExample2.startTest(ExtentReportExample2.java:33)
at ExtentReports.ExtentReportExample2.startTest(ExtentReportExample2.java:33)
at ExtentReports.ExtentReportExample2.startTest(ExtentReportExample2.java:33)
at ExtentReports.ExtentReportExample2.startTest(ExtentReportExample2.java:33)
at ExtentReports.ExtentReportExample2.startTest(ExtentReportExample2.java:33)
at ExtentReports.ExtentReportExample2.startTest(ExtentReportExample2.java:33)
at ExtentReports.ExtentReportExample2.startTest(ExtentReportExample2.java:33)
at ExtentReports.ExtentReportExample2.startTest(ExtentReportExample2.java:33)
at ExtentReports.ExtentReportExample2.startTest(ExtentReportExample2.java:33)
at ExtentReports.ExtentReportExample2.startTest(ExtentReportExample2.java:33)
at ExtentReports.ExtentReportExample2.startTest(ExtentReportExample2.java:33)
at ExtentReports.ExtentReportExample2.startTest(ExtentReportExample2.java:33)
at ExtentReports.ExtentReportExample2.startTest(ExtentReportExample2.java:33)
at ExtentReports.ExtentReportExample2.startTest(ExtentReportExample2.java:33)
at ExtentReports.ExtentReportExample2.startTest(ExtentReportExample2.java:33)
at ExtentReports.ExtentReportExample2.startTest(ExtentReportExample2.java:33)
at ExtentReports.ExtentReportExample2.startTest(ExtentReportExample2.java:33)
at ExtentReports.ExtentReportExample2.startTest(ExtentReportExample2.java:33)
at ExtentReports.ExtentReportExample2.startTest(ExtentReportExample2.java:33)
at ExtentReports.ExtentReportExample2.startTest(ExtentReportExample2.java:33)
at ExtentReports.ExtentReportExample2.startTest(ExtentReportExample2.java:33)
at ExtentReports.ExtentReportExample2.startTest(ExtentReportExample2.java:33)
at ExtentReports.ExtentReportExample2.startTest(ExtentReportExample2.java:33)
at ExtentReports.ExtentReportExample2.startTest(ExtentReportExample2.java:33)
at ExtentReports.ExtentReportExample2.startTest(ExtentReportExample2.java:33)
at ExtentReports.ExtentReportExample2.startTest(ExtentReportExample2.java:33)
at ExtentReports.ExtentReportExample2.startTest(ExtentReportExample2.java:33)
at ExtentReports.ExtentReportExample2.startTest(ExtentReportExample2.java:33)
at ExtentReports.ExtentReportExample2.startTest(ExtentReportExample2.java:33)
at ExtentReports.ExtentReportExample2.startTest(ExtentReportExample2.java:33)
at ExtentReports.ExtentReportExample2.startTest(ExtentReportExample2.java:33)
at ExtentReports.ExtentReportExample2.startTest(ExtentReportExample2.java:33)
at ExtentReports.ExtentReportExample2.startTest(ExtentReportExample2.java:33)
at ExtentReports.ExtentReportExample2.startTest(ExtentReportExample2.java:33)
at ExtentReports.ExtentReportExample2.startTest(ExtentReportExample2.java:33)
at ExtentReports.ExtentReportExample2.startTest(ExtentReportExample2.java:33)
at ExtentReports.ExtentReportExample2.startTest(ExtentReportExample2.java:33)
at ExtentReports.ExtentReportExample2.startTest(ExtentReportExample2.java:33)
at ExtentReports.ExtentReportExample2.startTest(ExtentReportExample2.java:33)
at ExtentReports.ExtentReportExample2.startTest(ExtentReportExample2.java:33)
at ExtentReports.ExtentReportExample2.startTest(ExtentReportExample2.java:33)
at ExtentReports.ExtentReportExample2.startTest(ExtentReportExample2.java:33)
at ExtentReports.ExtentReportExample2.startTest(ExtentReportExample2.java:33)
at ExtentReports.ExtentReportExample2.startTest(ExtentReportExample2.java:33)
at ExtentReports.ExtentReportExample2.startTest(ExtentReportExample2.java:33)
at ExtentReports.ExtentReportExample2.startTest(ExtentReportExample2.java:33)
at ExtentReports.ExtentReportExample2.startTest(ExtentReportExample2.java:33)
at ExtentReports.ExtentReportExample2.startTest(ExtentReportExample2.java:33)
at ExtentReports.ExtentReportExample2.startTest(ExtentReportExample2.java:33)
at ExtentReports.ExtentReportExample2.startTest(ExtentReportExample2.java:33)
at ExtentReports.ExtentReportExample2.startTest(ExtentReportExample2.java:33)
at ExtentReports.ExtentReportExample2.startTest(ExtentReportExample2.java:33)
at ExtentReports.ExtentReportExample2.startTest(ExtentReportExample2.java:33)
at ExtentReports.ExtentReportExample2.startTest(ExtentReportExample2.java:33)
at ExtentReports.ExtentReportExample2.startTest(ExtentReportExample2.java:33)
at ExtentReports.ExtentReportExample2.startTest(ExtentReportExample2.java:33)
at ExtentReports.ExtentReportExample2.startTest(ExtentReportExample2.java:33)
at ExtentReports.ExtentReportExample2.startTest(ExtentReportExample2.java:33)
at ExtentReports.ExtentReportExample2.startTest(ExtentReportExample2.java:33)
at ExtentReports.ExtentReportExample2.startTest(ExtentReportExample2.java:33)
at ExtentReports.ExtentReportExample2.startTest(ExtentReportExample2.java:33)
at ExtentReports.ExtentReportExample2.startTest(ExtentReportExample2.java:33)
at ExtentReports.ExtentReportExample2.startTest(ExtentReportExample2.java:33)
at ExtentReports.ExtentReportExample2.startTest(ExtentReportExample2.java:33)
at ExtentReports.ExtentReportExample2.startTest(ExtentReportExample2.java:33)
at ExtentReports.ExtentReportExample2.startTest(ExtentReportExample2.java:33)
at ExtentReports.ExtentReportExample2.startTest(ExtentReportExample2.java:33)
at ExtentReports.ExtentReportExample2.startTest(ExtentReportExample2.java:33)
at ExtentReports.ExtentReportExample2.startTest(ExtentReportExample2.java:33)
at ExtentReports.ExtentReportExample2.startTest(ExtentReportExample2.java:33)
at ExtentReports.ExtentReportExample2.startTest(ExtentReportExample2.java:33)
at ExtentReports.ExtentReportExample2.startTest(ExtentReportExample2.java:33)
at ExtentReports.ExtentReportExample2.startTest(ExtentReportExample2.java:33)
at ExtentReports.ExtentReportExample2.startTest(ExtentReportExample2.java:33)
at ExtentReports.ExtentReportExample2.startTest(ExtentReportExample2.java:33)
at ExtentReports.ExtentReportExample2.startTest(ExtentReportExample2.java:33)
at ExtentReports.ExtentReportExample2.startTest(ExtentReportExample2.java:33)
at ExtentReports.ExtentReportExample2.startTest(ExtentReportExample2.java:33)
at ExtentReports.ExtentReportExample2.startTest(ExtentReportExample2.java:33)
at ExtentReports.ExtentReportExample2.startTest(ExtentReportExample2.java:33)
at ExtentReports.ExtentReportExample2.startTest(ExtentReportExample2.java:33)
at ExtentReports.ExtentReportExample2.startTest(ExtentReportExample2.java:33)
at ExtentReports.ExtentReportExample2.startTest(ExtentReportExample2.java:33)
at ExtentReports.ExtentReportExample2.startTest(ExtentReportExample2.java:33)
at ExtentReports.ExtentReportExample2.startTest(ExtentReportExample2.java:33)
at ExtentReports.ExtentReportExample2.startTest(ExtentReportExample2.java:33)
at ExtentReports.ExtentReportExample2.startTest(ExtentReportExample2.java:33)
at ExtentReports.ExtentReportExample2.startTest(ExtentReportExample2.java:33)
at ExtentReports.ExtentReportExample2.startTest(ExtentReportExample2.java:33)
at ExtentReports.ExtentReportExample2.startTest(ExtentReportExample2.java:33)
at ExtentReports.ExtentReportExample2.startTest(ExtentReportExample2.java:33)
at ExtentReports.ExtentReportExample2.startTest(ExtentReportExample2.java:33)
at ExtentReports.ExtentReportExample2.startTest(ExtentReportExample2.java:33)
at ExtentReports.ExtentReportExample2.startTest(ExtentReportExample2.java:33)
at ExtentReports.ExtentReportExample2.startTest(ExtentReportExample2.java:33)
at ExtentReports.ExtentReportExample2.startTest(ExtentReportExample2.java:33)
at ExtentReports.ExtentReportExample2.startTest(ExtentReportExample2.java:33)
at ExtentReports.ExtentReportExample2.startTest(ExtentReportExample2.java:33)
at ExtentReports.ExtentReportExample2.startTest(ExtentReportExample2.java:33)
at ExtentReports.ExtentReportExample2.startTest(ExtentReportExample2.java:33)
at ExtentReports.ExtentReportExample2.startTest(ExtentReportExample2.java:33)
at ExtentReports.ExtentReportExample2.startTest(ExtentReportExample2.java:33)
at ExtentReports.ExtentReportExample2.startTest(ExtentReportExample2.java:33)
at ExtentReports.ExtentReportExample2.startTest(ExtentReportExample2.java:33)
at ExtentReports.ExtentReportExample2.startTest(ExtentReportExample2.java:33)
at ExtentReports.ExtentReportExample2.startTest(ExtentReportExample2.java:33)
at ExtentReports.ExtentReportExample2.startTest(ExtentReportExample2.java:33)
at ExtentReports.ExtentReportExample2.startTest(ExtentReportExample2.java:33)
at ExtentReports.ExtentReportExample2.startTest(ExtentReportExample2.java:33)
at ExtentReports.ExtentReportExample2.startTest(ExtentReportExample2.java:33)
at ExtentReports.ExtentReportExample2.startTest(ExtentReportExample2.java:33)
at ExtentReports.ExtentReportExample2.startTest(ExtentReportExample2.java:33)
at ExtentReports.ExtentReportExample2.startTest(ExtentReportExample2.java:33)
at ExtentReports.ExtentReportExample2.startTest(ExtentReportExample2.java:33)
at ExtentReports.ExtentReportExample2.startTest(ExtentReportExample2.java:33)
at ExtentReports.ExtentReportExample2.startTest(ExtentReportExample2.java:33)
at ExtentReports.ExtentReportExample2.startTest(ExtentReportExample2.java:33)
at ExtentReports.ExtentReportExample2.startTest(ExtentReportExample2.java:33)
at ExtentReports.ExtentReportExample2.startTest(ExtentReportExample2.java:33)
at ExtentReports.ExtentReportExample2.startTest(ExtentReportExample2.java:33)
at ExtentReports.ExtentReportExample2.startTest(ExtentReportExample2.java:33)
at ExtentReports.ExtentReportExample2.startTest(ExtentReportExample2.java:33)
at ExtentReports.ExtentReportExample2.startTest(ExtentReportExample2.java:33)
at ExtentReports.ExtentReportExample2.startTest(ExtentReportExample2.java:33)
at ExtentReports.ExtentReportExample2.startTest(ExtentReportExample2.java:33)
at ExtentReports.ExtentReportExample2.startTest(ExtentReportExample2.java:33)
at ExtentReports.ExtentReportExample2.startTest(ExtentReportExample2.java:33)
at ExtentReports.ExtentReportExample2.startTest(ExtentReportExample2.java:33)
at ExtentReports.ExtentReportExample2.startTest(ExtentReportExample2.java:33)
at ExtentReports.ExtentReportExample2.startTest(ExtentReportExample2.java:33)
at ExtentReports.ExtentReportExample2.startTest(ExtentReportExample2.java:33)
at ExtentReports.ExtentReportExample2.startTest(ExtentReportExample2.java:33)
at ExtentReports.ExtentReportExample2.startTest(ExtentReportExample2.java:33)
at ExtentReports.ExtentReportExample2.startTest(ExtentReportExample2.java:33)
at ExtentReports.ExtentReportExample2.startTest(ExtentReportExample2.java:33)
at ExtentReports.ExtentReportExample2.startTest(ExtentReportExample2.java:33)
at ExtentReports.ExtentReportExample2.startTest(ExtentReportExample2.java:33)
at ExtentReports.ExtentReportExample2.startTest(ExtentReportExample2.java:33)
at ExtentReports.ExtentReportExample2.startTest(ExtentReportExample2.java:33)
at ExtentReports.ExtentReportExample2.startTest(ExtentReportExample2.java:33)
at ExtentReports.ExtentReportExample2.startTest(ExtentReportExample2.java:33)
at ExtentReports.ExtentReportExample2.startTest(ExtentReportExample2.java:33)
at ExtentReports.ExtentReportExample2.startTest(ExtentReportExample2.java:33)
at ExtentReports.ExtentReportExample2.startTest(ExtentReportExample2.java:33)
at ExtentReports.ExtentReportExample2.startTest(ExtentReportExample2.java:33)
at ExtentReports.ExtentReportExample2.startTest(ExtentReportExample2.java:33)
at ExtentReports.ExtentReportExample2.startTest(ExtentReportExample2.java:33)
at ExtentReports.ExtentReportExample2.startTest(ExtentReportExample2.java:33)
at ExtentReports.ExtentReportExample2.startTest(ExtentReportExample2.java:33)
at ExtentReports.ExtentReportExample2.startTest(ExtentReportExample2.java:33)
at ExtentReports.ExtentReportExample2.startTest(ExtentReportExample2.java:33)
at ExtentReports.ExtentReportExample2.startTest(ExtentReportExample2.java:33)
at ExtentReports.ExtentReportExample2.startTest(ExtentReportExample2.java:33)
at ExtentReports.ExtentReportExample2.startTest(ExtentReportExample2.java:33)
at ExtentReports.ExtentReportExample2.startTest(ExtentReportExample2.java:33)
at ExtentReports.ExtentReportExample2.startTest(ExtentReportExample2.java:33)
at ExtentReports.ExtentReportExample2.startTest(ExtentReportExample2.java:33)
at ExtentReports.ExtentReportExample2.startTest(ExtentReportExample2.java:33)
at ExtentReports.ExtentReportExample2.startTest(ExtentReportExample2.java:33)
at ExtentReports.ExtentReportExample2.startTest(ExtentReportExample2.java:33)
at ExtentReports.ExtentReportExample2.startTest(ExtentReportExample2.java:33)
at ExtentReports.ExtentReportExample2.startTest(ExtentReportExample2.java:33)
at ExtentReports.ExtentReportExample2.startTest(ExtentReportExample2.java:33)
at ExtentReports.ExtentReportExample2.startTest(ExtentReportExample2.java:33)
at ExtentReports.ExtentReportExample2.startTest(ExtentReportExample2.java:33)
at ExtentReports.ExtentReportExample2.startTest(ExtentReportExample2.java:33)
at ExtentReports.ExtentReportExample2.startTest(ExtentReportExample2.java:33)
at ExtentReports.ExtentReportExample2.startTest(ExtentReportExample2.java:33)
at ExtentReports.ExtentReportExample2.startTest(ExtentReportExample2.java:33)
at ExtentReports.ExtentReportExample2.startTest(ExtentReportExample2.java:33)
at ExtentReports.ExtentReportExample2.startTest(ExtentReportExample2.java:33)
at ExtentReports.ExtentReportExample2.startTest(ExtentReportExample2.java:33)
at ExtentReports.ExtentReportExample2.startTest(ExtentReportExample2.java:33)
at ExtentReports.ExtentReportExample2.startTest(ExtentReportExample2.java:33)
at ExtentReports.ExtentReportExample2.startTest(ExtentReportExample2.java:33)
at ExtentReports.ExtentReportExample2.startTest(ExtentReportExample2.java:33)
at ExtentReports.ExtentReportExample2.startTest(ExtentReportExample2.java:33)
at ExtentReports.ExtentReportExample2.startTest(ExtentReportExample2.java:33)
at ExtentReports.ExtentReportExample2.startTest(ExtentReportExample2.java:33)
at ExtentReports.ExtentReportExample2.startTest(ExtentReportExample2.java:33)
at ExtentReports.ExtentReportExample2.startTest(ExtentReportExample2.java:33)
at ExtentReports.ExtentReportExample2.startTest(ExtentReportExample2.java:33)
at ExtentReports.ExtentReportExample2.startTest(ExtentReportExample2.java:33)
at ExtentReports.ExtentReportExample2.startTest(ExtentReportExample2.java:33)
at ExtentReports.ExtentReportExample2.startTest(ExtentReportExample2.java:33)
at ExtentReports.ExtentReportExample2.startTest(ExtentReportExample2.java:33)
at ExtentReports.ExtentReportExample2.startTest(ExtentReportExample2.java:33)
at ExtentReports.ExtentReportExample2.startTest(ExtentReportExample2.java:33)
at ExtentReports.ExtentReportExample2.startTest(ExtentReportExample2.java:33)
at ExtentReports.ExtentReportExample2.startTest(ExtentReportExample2.java:33)
at ExtentReports.ExtentReportExample2.startTest(ExtentReportExample2.java:33)
at ExtentReports.ExtentReportExample2.startTest(ExtentReportExample2.java:33)
at ExtentReports.ExtentReportExample2.startTest(ExtentReportExample2.java:33)
at ExtentReports.ExtentReportExample2.startTest(ExtentReportExample2.java:33)
at ExtentReports.ExtentReportExample2.startTest(ExtentReportExample2.java:33)
at ExtentReports.ExtentReportExample2.startTest(ExtentReportExample2.java:33)
at ExtentReports.ExtentReportExample2.startTest(ExtentReportExample2.java:33)
at ExtentReports.ExtentReportExample2.startTest(ExtentReportExample2.java:33)
at ExtentReports.ExtentReportExample2.startTest(ExtentReportExample2.java:33)
at ExtentReports.ExtentReportExample2.startTest(ExtentReportExample2.java:33)
at ExtentReports.ExtentReportExample2.startTest(ExtentReportExample2.java:33)
at ExtentReports.ExtentReportExample2.startTest(ExtentReportExample2.java:33)
at ExtentReports.ExtentReportExample2.startTest(ExtentReportExample2.java:33)
at ExtentReports.ExtentReportExample2.startTest(ExtentReportExample2.java:33)
at ExtentReports.ExtentReportExample2.startTest(ExtentReportExample2.java:33)
at ExtentReports.ExtentReportExample2.startTest(ExtentReportExample2.java:33)
at ExtentReports.ExtentReportExample2.startTest(ExtentReportExample2.java:33)
at ExtentReports.ExtentReportExample2.startTest(ExtentReportExample2.java:33)
at ExtentReports.ExtentReportExample2.startTest(ExtentReportExample2.java:33)
at ExtentReports.ExtentReportExample2.startTest(ExtentReportExample2.java:33)
at ExtentReports.ExtentReportExample2.startTest(ExtentReportExample2.java:33)
at ExtentReports.ExtentReportExample2.startTest(ExtentReportExample2.java:33)
at ExtentReports.ExtentReportExample2.startTest(ExtentReportExample2.java:33)
at ExtentReports.ExtentReportExample2.startTest(ExtentReportExample2.java:33)
at ExtentReports.ExtentReportExample2.startTest(ExtentReportExample2.java:33)
at ExtentReports.ExtentReportExample2.startTest(ExtentReportExample2.java:33)
at ExtentReports.ExtentReportExample2.startTest(ExtentReportExample2.java:33)
at ExtentReports.ExtentReportExample2.startTest(ExtentReportExample2.java:33)
at ExtentReports.ExtentReportExample2.startTest(ExtentReportExample2.java:33)
at ExtentReports.ExtentReportExample2.startTest(ExtentReportExample2.java:33)
at ExtentReports.ExtentReportExample2.startTest(ExtentReportExample2.java:33)
at ExtentReports.ExtentReportExample2.startTest(ExtentReportExample2.java:33)
at ExtentReports.ExtentReportExample2.startTest(ExtentReportExample2.java:33)
at ExtentReports.ExtentReportExample2.startTest(ExtentReportExample2.java:33)
at ExtentReports.ExtentReportExample2.startTest(ExtentReportExample2.java:33)
at ExtentReports.ExtentReportExample2.startTest(ExtentReportExample2.java:33)
at ExtentReports.ExtentReportExample2.startTest(ExtentReportExample2.java:33)
at ExtentReports.ExtentReportExample2.startTest(ExtentReportExample2.java:33)
at ExtentReports.ExtentReportExample2.startTest(ExtentReportExample2.java:33)
at ExtentReports.ExtentReportExample2.startTest(ExtentReportExample2.java:33)
at ExtentReports.ExtentReportExample2.startTest(ExtentReportExample2.java:33)
at ExtentReports.ExtentReportExample2.startTest(ExtentReportExample2.java:33)
at ExtentReports.ExtentReportExample2.startTest(ExtentReportExample2.java:33)
at ExtentReports.ExtentReportExample2.startTest(ExtentReportExample2.java:33)
at ExtentReports.ExtentReportExample2.startTest(ExtentReportExample2.java:33)
at ExtentReports.ExtentReportExample2.startTest(ExtentReportExample2.java:33)
at ExtentReports.ExtentReportExample2.startTest(ExtentReportExample2.java:33)
at ExtentReports.ExtentReportExample2.startTest(ExtentReportExample2.java:33)
at ExtentReports.ExtentReportExample2.startTest(ExtentReportExample2.java:33)
at ExtentReports.ExtentReportExample2.startTest(ExtentReportExample2.java:33)
at ExtentReports.ExtentReportExample2.startTest(ExtentReportExample2.java:33)
at ExtentReports.ExtentReportExample2.startTest(ExtentReportExample2.java:33)
at ExtentReports.ExtentReportExample2.startTest(ExtentReportExample2.java:33)
at ExtentReports.ExtentReportExample2.startTest(ExtentReportExample2.java:33)
at ExtentReports.ExtentReportExample2.startTest(ExtentReportExample2.java:33)
at ExtentReports.ExtentReportExample2.startTest(ExtentReportExample2.java:33)
at ExtentReports.ExtentReportExample2.startTest(ExtentReportExample2.java:33)
at ExtentReports.ExtentReportExample2.startTest(ExtentReportExample2.java:33)
at ExtentReports.ExtentReportExample2.startTest(ExtentReportExample2.java:33)
at ExtentReports.ExtentReportExample2.startTest(ExtentReportExample2.java:33)
at ExtentReports.ExtentReportExample2.startTest(ExtentReportExample2.java:33)
at ExtentReports.ExtentReportExample2.startTest(ExtentReportExample2.java:33)
at ExtentReports.ExtentReportExample2.startTest(ExtentReportExample2.java:33)
at ExtentReports.ExtentReportExample2.startTest(ExtentReportExample2.java:33)
at ExtentReports.ExtentReportExample2.startTest(ExtentReportExample2.java:33)
at ExtentReports.ExtentReportExample2.startTest(ExtentReportExample2.java:33)
at ExtentReports.ExtentReportExample2.startTest(ExtentReportExample2.java:33)
at ExtentReports.ExtentReportExample2.startTest(ExtentReportExample2.java:33)
at ExtentReports.ExtentReportExample2.startTest(ExtentReportExample2.java:33)
at ExtentReports.ExtentReportExample2.startTest(ExtentReportExample2.java:33)
at ExtentReports.ExtentReportExample2.startTest(ExtentReportExample2.java:33)
at ExtentReports.ExtentReportExample2.startTest(ExtentReportExample2.java:33)
at ExtentReports.ExtentReportExample2.startTest(ExtentReportExample2.java:33)
at ExtentReports.ExtentReportExample2.startTest(ExtentReportExample2.java:33)
at ExtentReports.ExtentReportExample2.startTest(ExtentReportExample2.java:33)
at ExtentReports.ExtentReportExample2.startTest(ExtentReportExample2.java:33)
at ExtentReports.ExtentReportExample2.startTest(ExtentReportExample2.java:33)
at ExtentReports.ExtentReportExample2.startTest(ExtentReportExample2.java:33)
at ExtentReports.ExtentReportExample2.startTest(ExtentReportExample2.java:33)
at ExtentReports.ExtentReportExample2.startTest(ExtentReportExample2.java:33)
at ExtentReports.ExtentReportExample2.startTest(ExtentReportExample2.java:33)
at ExtentReports.ExtentReportExample2.startTest(ExtentReportExample2.java:33)
at ExtentReports.ExtentReportExample2.startTest(ExtentReportExample2.java:33)
at ExtentReports.ExtentReportExample2.startTest(ExtentReportExample2.java:33)
at ExtentReports.ExtentReportExample2.startTest(ExtentReportExample2.java:33)
at ExtentReports.ExtentReportExample2.startTest(ExtentReportExample2.java:33)
at ExtentReports.ExtentReportExample2.startTest(ExtentReportExample2.java:33)
at ExtentReports.ExtentReportExample2.startTest(ExtentReportExample2.java:33)
at ExtentReports.ExtentReportExample2.startTest(ExtentReportExample2.java:33)
at ExtentReports.ExtentReportExample2.startTest(ExtentReportExample2.java:33)
at ExtentReports.ExtentReportExample2.startTest(ExtentReportExample2.java:33)
at ExtentReports.ExtentReportExample2.startTest(ExtentReportExample2.java:33)
at ExtentReports.ExtentReportExample2.startTest(ExtentReportExample2.java:33)
at ExtentReports.ExtentReportExample2.startTest(ExtentReportExample2.java:33)
at ExtentReports.ExtentReportExample2.startTest(ExtentReportExample2.java:33)
at ExtentReports.ExtentReportExample2.startTest(ExtentReportExample2.java:33)
at ExtentReports.ExtentReportExample2.startTest(ExtentReportExample2.java:33)
at ExtentReports.ExtentReportExample2.startTest(ExtentReportExample2.java:33)
at ExtentReports.ExtentReportExample2.startTest(ExtentReportExample2.java:33)
at ExtentReports.ExtentReportExample2.startTest(ExtentReportExample2.java:33)
at ExtentReports.ExtentReportExample2.startTest(ExtentReportExample2.java:33)
at ExtentReports.ExtentReportExample2.startTest(ExtentReportExample2.java:33)
at ExtentReports.ExtentReportExample2.startTest(ExtentReportExample2.java:33)
at ExtentReports.ExtentReportExample2.startTest(ExtentReportExample2.java:33)
at ExtentReports.ExtentReportExample2.startTest(ExtentReportExample2.java:33)
at ExtentReports.ExtentReportExample2.startTest(ExtentReportExample2.java:33)
at ExtentReports.ExtentReportExample2.startTest(ExtentReportExample2.java:33)
at ExtentReports.ExtentReportExample2.startTest(ExtentReportExample2.java:33)
at ExtentReports.ExtentReportExample2.startTest(ExtentReportExample2.java:33)
at ExtentReports.ExtentReportExample2.startTest(ExtentReportExample2.java:33)
at ExtentReports.ExtentReportExample2.startTest(ExtentReportExample2.java:33)
at ExtentReports.ExtentReportExample2.startTest(ExtentReportExample2.java:33)
at ExtentReports.ExtentReportExample2.startTest(ExtentReportExample2.java:33)
at ExtentReports.ExtentReportExample2.startTest(ExtentReportExample2.java:33)
at ExtentReports.ExtentReportExample2.startTest(ExtentReportExample2.java:33)
at ExtentReports.ExtentReportExample2.startTest(ExtentReportExample2.java:33)
at ExtentReports.ExtentReportExample2.startTest(ExtentReportExample2.java:33)
at ExtentReports.ExtentReportExample2.startTest(ExtentReportExample2.java:33)
at ExtentReports.ExtentReportExample2.startTest(ExtentReportExample2.java:33)
at ExtentReports.ExtentReportExample2.startTest(ExtentReportExample2.java:33)
at ExtentReports.ExtentReportExample2.startTest(ExtentReportExample2.java:33)
at ExtentReports.ExtentReportExample2.startTest(ExtentReportExample2.java:33)
at ExtentReports.ExtentReportExample2.startTest(ExtentReportExample2.java:33)
at ExtentReports.ExtentReportExample2.startTest(ExtentReportExample2.java:33)
at ExtentReports.ExtentReportExample2.startTest(ExtentReportExample2.java:33)
at ExtentReports.ExtentReportExample2.startTest(ExtentReportExample2.java:33)
at ExtentReports.ExtentReportExample2.startTest(ExtentReportExample2.java:33)
at ExtentReports.ExtentReportExample2.startTest(ExtentReportExample2.java:33)
at ExtentReports.ExtentReportExample2.startTest(ExtentReportExample2.java:33)
at ExtentReports.ExtentReportExample2.startTest(ExtentReportExample2.java:33)
at ExtentReports.ExtentReportExample2.startTest(ExtentReportExample2.java:33)
at ExtentReports.ExtentReportExample2.startTest(ExtentReportExample2.java:33)
at ExtentReports.ExtentReportExample2.startTest(ExtentReportExample2.java:33)
at ExtentReports.ExtentReportExample2.startTest(ExtentReportExample2.java:33)
at ExtentReports.ExtentReportExample2.startTest(ExtentReportExample2.java:33)
at ExtentReports.ExtentReportExample2.startTest(ExtentReportExample2.java:33)
at ExtentReports.ExtentReportExample2.startTest(ExtentReportExample2.java:33)
at ExtentReports.ExtentReportExample2.startTest(ExtentReportExample2.java:33)
at ExtentReports.ExtentReportExample2.startTest(ExtentReportExample2.java:33)
at ExtentReports.ExtentReportExample2.startTest(ExtentReportExample2.java:33)
at ExtentReports.ExtentReportExample2.startTest(ExtentReportExample2.java:33)
at ExtentReports.ExtentReportExample2.startTest(ExtentReportExample2.java:33)
at ExtentReports.ExtentReportExample2.startTest(ExtentReportExample2.java:33)
at ExtentReports.ExtentReportExample2.startTest(ExtentReportExample2.java:33)
at ExtentReports.ExtentReportExample2.startTest(ExtentReportExample2.java:33)
at ExtentReports.ExtentReportExample2.startTest(ExtentReportExample2.java:33)
at ExtentReports.ExtentReportExample2.startTest(ExtentReportExample2.java:33)
at ExtentReports.ExtentReportExample2.startTest(ExtentReportExample2.java:33)
at ExtentReports.ExtentReportExample2.startTest(ExtentReportExample2.java:33)
at ExtentReports.ExtentReportExample2.startTest(ExtentReportExample2.java:33)
at ExtentReports.ExtentReportExample2.startTest(ExtentReportExample2.java:33)
at ExtentReports.ExtentReportExample2.startTest(ExtentReportExample2.java:33)
at ExtentReports.ExtentReportExample2.startTest(ExtentReportExample2.java:33)
at ExtentReports.ExtentReportExample2.startTest(ExtentReportExample2.java:33)
at ExtentReports.ExtentReportExample2.startTest(ExtentReportExample2.java:33)
at ExtentReports.ExtentReportExample2.startTest(ExtentReportExample2.java:33)
at ExtentReports.ExtentReportExample2.startTest(ExtentReportExample2.java:33)
at ExtentReports.ExtentReportExample2.startTest(ExtentReportExample2.java:33)
at ExtentReports.ExtentReportExample2.startTest(ExtentReportExample2.java:33)
at ExtentReports.ExtentReportExample2.startTest(ExtentReportExample2.java:33)
at ExtentReports.ExtentReportExample2.startTest(ExtentReportExample2.java:33)
at ExtentReports.ExtentReportExample2.startTest(ExtentReportExample2.java:33)
at ExtentReports.ExtentReportExample2.startTest(ExtentReportExample2.java:33)
at ExtentReports.ExtentReportExample2.startTest(ExtentReportExample2.java:33)
at ExtentReports.ExtentReportExample2.startTest(ExtentReportExample2.java:33)
at ExtentReports.ExtentReportExample2.startTest(ExtentReportExample2.java:33)
at ExtentReports.ExtentReportExample2.startTest(ExtentReportExample2.java:33)
at ExtentReports.ExtentReportExample2.startTest(ExtentReportExample2.java:33)
at ExtentReports.ExtentReportExample2.startTest(ExtentReportExample2.java:33)
at ExtentReports.ExtentReportExample2.startTest(ExtentReportExample2.java:33)
at ExtentReports.ExtentReportExample2.startTest(ExtentReportExample2.java:33)
at ExtentReports.ExtentReportExample2.startTest(ExtentReportExample2.java:33)
at ExtentReports.ExtentReportExample2.startTest(ExtentReportExample2.java:33)
at ExtentReports.ExtentReportExample2.startTest(ExtentReportExample2.java:33)
at ExtentReports.ExtentReportExample2.startTest(ExtentReportExample2.java:33)
at ExtentReports.ExtentReportExample2.startTest(ExtentReportExample2.java:33)
at ExtentReports.ExtentReportExample2.startTest(ExtentReportExample2.java:33)
at ExtentReports.ExtentReportExample2.startTest(ExtentReportExample2.java:33)
at ExtentReports.ExtentReportExample2.startTest(ExtentReportExample2.java:33)
at ExtentReports.ExtentReportExample2.startTest(ExtentReportExample2.java:33)
at ExtentReports.ExtentReportExample2.startTest(ExtentReportExample2.java:33)
at ExtentReports.ExtentReportExample2.startTest(ExtentReportExample2.java:33)
at ExtentReports.ExtentReportExample2.startTest(ExtentReportExample2.java:33)
at ExtentReports.ExtentReportExample2.startTest(ExtentReportExample2.java:33)
at ExtentReports.ExtentReportExample2.startTest(ExtentReportExample2.java:33)
at ExtentReports.ExtentReportExample2.startTest(ExtentReportExample2.java:33)
at ExtentReports.ExtentReportExample2.startTest(ExtentReportExample2.java:33)
at ExtentReports.ExtentReportExample2.startTest(ExtentReportExample2.java:33)
at ExtentReports.ExtentReportExample2.startTest(ExtentReportExample2.java:33)
at ExtentReports.ExtentReportExample2.startTest(ExtentReportExample2.java:33)
at ExtentReports.ExtentReportExample2.startTest(ExtentReportExample2.java:33)
at ExtentReports.ExtentReportExample2.startTest(ExtentReportExample2.java:33)
at ExtentReports.ExtentReportExample2.startTest(ExtentReportExample2.java:33)
at ExtentReports.ExtentReportExample2.startTest(ExtentReportExample2.java:33)
at ExtentReports.ExtentReportExample2.startTest(ExtentReportExample2.java:33)
at ExtentReports.ExtentReportExample2.startTest(ExtentReportExample2.java:33)
at ExtentReports.ExtentReportExample2.startTest(ExtentReportExample2.java:33)
at ExtentReports.ExtentReportExample2.startTest(ExtentReportExample2.java:33)
at ExtentReports.ExtentReportExample2.startTest(ExtentReportExample2.java:33)
at ExtentReports.ExtentReportExample2.startTest(ExtentReportExample2.java:33)
at ExtentReports.ExtentReportExample2.startTest(ExtentReportExample2.java:33)
at ExtentReports.ExtentReportExample2.startTest(ExtentReportExample2.java:33)
at ExtentReports.ExtentReportExample2.startTest(ExtentReportExample2.java:33)
at ExtentReports.ExtentReportExample2.startTest(ExtentReportExample2.java:33)
at ExtentReports.ExtentReportExample2.startTest(ExtentReportExample2.java:33)
at ExtentReports.ExtentReportExample2.startTest(ExtentReportExample2.java:33)
at ExtentReports.ExtentReportExample2.startTest(ExtentReportExample2.java:33)
at ExtentReports.ExtentReportExample2.startTest(ExtentReportExample2.java:33)
at ExtentReports.ExtentReportExample2.startTest(ExtentReportExample2.java:33)
at ExtentReports.ExtentReportExample2.startTest(ExtentReportExample2.java:33)
at ExtentReports.ExtentReportExample2.startTest(ExtentReportExample2.java:33)
at ExtentReports.ExtentReportExample2.startTest(ExtentReportExample2.java:33)
at ExtentReports.ExtentReportExample2.startTest(ExtentReportExample2.java:33)
at ExtentReports.ExtentReportExample2.startTest(ExtentReportExample2.java:33)
at ExtentReports.ExtentReportExample2.startTest(ExtentReportExample2.java:33)
at ExtentReports.ExtentReportExample2.startTest(ExtentReportExample2.java:33)
at ExtentReports.ExtentReportExample2.startTest(ExtentReportExample2.java:33)
at ExtentReports.ExtentReportExample2.startTest(ExtentReportExample2.java:33)
at ExtentReports.ExtentReportExample2.startTest(ExtentReportExample2.java:33)
at ExtentReports.ExtentReportExample2.startTest(ExtentReportExample2.java:33)
at ExtentReports.ExtentReportExample2.startTest(ExtentReportExample2.java:33)
at ExtentReports.ExtentReportExample2.startTest(ExtentReportExample2.java:33)
at ExtentReports.ExtentReportExample2.startTest(ExtentReportExample2.java:33)
at ExtentReports.ExtentReportExample2.startTest(ExtentReportExample2.java:33)
at ExtentReports.ExtentReportExample2.startTest(ExtentReportExample2.java:33)
at ExtentReports.ExtentReportExample2.startTest(ExtentReportExample2.java:33)
at ExtentReports.ExtentReportExample2.startTest(ExtentReportExample2.java:33)
at ExtentReports.ExtentReportExample2.startTest(ExtentReportExample2.java:33)
at ExtentReports.ExtentReportExample2.startTest(ExtentReportExample2.java:33)
at ExtentReports.ExtentReportExample2.startTest(ExtentReportExample2.java:33)
at ExtentReports.ExtentReportExample2.startTest(ExtentReportExample2.java:33)
at ExtentReports.ExtentReportExample2.startTest(ExtentReportExample2.java:33)
at ExtentReports.ExtentReportExample2.startTest(ExtentReportExample2.java:33)
at ExtentReports.ExtentReportExample2.startTest(ExtentReportExample2.java:33)
at ExtentReports.ExtentReportExample2.startTest(ExtentReportExample2.java:33)
at ExtentReports.ExtentReportExample2.startTest(ExtentReportExample2.java:33)
at ExtentReports.ExtentReportExample2.startTest(ExtentReportExample2.java:33)
at ExtentReports.ExtentReportExample2.startTest(ExtentReportExample2.java:33)
at ExtentReports.ExtentReportExample2.startTest(ExtentReportExample2.java:33)
at ExtentReports.ExtentReportExample2.startTest(ExtentReportExample2.java:33)
at ExtentReports.ExtentReportExample2.startTest(ExtentReportExample2.java:33)
at ExtentReports.ExtentReportExample2.startTest(ExtentReportExample2.java:33)
at ExtentReports.ExtentReportExample2.startTest(ExtentReportExample2.java:33)
at ExtentReports.ExtentReportExample2.startTest(ExtentReportExample2.java:33)
at ExtentReports.ExtentReportExample2.startTest(ExtentReportExample2.java:33)
at ExtentReports.ExtentReportExample2.startTest(ExtentReportExample2.java:33)
at ExtentReports.ExtentReportExample2.startTest(ExtentReportExample2.java:33)
at ExtentReports.ExtentReportExample2.startTest(ExtentReportExample2.java:33)
at ExtentReports.ExtentReportExample2.startTest(ExtentReportExample2.java:33)
at ExtentReports.ExtentReportExample2.startTest(ExtentReportExample2.java:33)
at ExtentReports.ExtentReportExample2.startTest(ExtentReportExample2.java:33)
at ExtentReports.ExtentReportExample2.startTest(ExtentReportExample2.java:33)
at ExtentReports.ExtentReportExample2.startTest(ExtentReportExample2.java:33)
at ExtentReports.ExtentReportExample2.startTest(ExtentReportExample2.java:33)
at ExtentReports.ExtentReportExample2.startTest(ExtentReportExample2.java:33)
at ExtentReports.ExtentReportExample2.startTest(ExtentReportExample2.java:33)
at ExtentReports.ExtentReportExample2.startTest(ExtentReportExample2.java:33)
at ExtentReports.ExtentReportExample2.startTest(ExtentReportExample2.java:33)
at ExtentReports.ExtentReportExample2.startTest(ExtentReportExample2.java:33)
at ExtentReports.ExtentReportExample2.startTest(ExtentReportExample2.java:33)
at ExtentReports.ExtentReportExample2.startTest(ExtentReportExample2.java:33)
at ExtentReports.ExtentReportExample2.startTest(ExtentReportExample2.java:33)
at ExtentReports.ExtentReportExample2.startTest(ExtentReportExample2.java:33)
at ExtentReports.ExtentReportExample2.startTest(ExtentReportExample2.java:33)
at ExtentReports.ExtentReportExample2.startTest(ExtentReportExample2.java:33)
at ExtentReports.ExtentReportExample2.startTest(ExtentReportExample2.java:33)
at ExtentReports.ExtentReportExample2.startTest(ExtentReportExample2.java:33)
at ExtentReports.ExtentReportExample2.startTest(ExtentReportExample2.java:33)
at ExtentReports.ExtentReportExample2.startTest(ExtentReportExample2.java:33)
at ExtentReports.ExtentReportExample2.startTest(ExtentReportExample2.java:33)
at ExtentReports.ExtentReportExample2.startTest(ExtentReportExample2.java:33)
at ExtentReports.ExtentReportExample2.startTest(ExtentReportExample2.java:33)
at ExtentReports.ExtentReportExample2.startTest(ExtentReportExample2.java:33)
at ExtentReports.ExtentReportExample2.startTest(ExtentReportExample2.java:33)
at ExtentReports.ExtentReportExample2.startTest(ExtentReportExample2.java:33)
at ExtentReports.ExtentReportExample2.startTest(ExtentReportExample2.java:33)
at ExtentReports.ExtentReportExample2.startTest(ExtentReportExample2.java:33)
at ExtentReports.ExtentReportExample2.startTest(ExtentReportExample2.java:33)
at ExtentReports.ExtentReportExample2.startTest(ExtentReportExample2.java:33)
at ExtentReports.ExtentReportExample2.startTest(ExtentReportExample2.java:33)
at ExtentReports.ExtentReportExample2.startTest(ExtentReportExample2.java:33)
at ExtentReports.ExtentReportExample2.startTest(ExtentReportExample2.java:33)
at ExtentReports.ExtentReportExample2.startTest(ExtentReportExample2.java:33)
at ExtentReports.ExtentReportExample2.startTest(ExtentReportExample2.java:33)
at ExtentReports.ExtentReportExample2.startTest(ExtentReportExample2.java:33)
at ExtentReports.ExtentReportExample2.startTest(ExtentReportExample2.java:33)
at ExtentReports.ExtentReportExample2.startTest(ExtentReportExample2.java:33)
at ExtentReports.ExtentReportExample2.startTest(ExtentReportExample2.java:33)
at ExtentReports.ExtentReportExample2.startTest(ExtentReportExample2.java:33)
at ExtentReports.ExtentReportExample2.startTest(ExtentReportExample2.java:33)
at ExtentReports.ExtentReportExample2.startTest(ExtentReportExample2.java:33)
at ExtentReports.ExtentReportExample2.startTest(ExtentReportExample2.java:33)
at ExtentReports.ExtentReportExample2.startTest(ExtentReportExample2.java:33)
at ExtentReports.ExtentReportExample2.startTest(ExtentReportExample2.java:33)
at ExtentReports.ExtentReportExample2.startTest(ExtentReportExample2.java:33)
]]>
    </error>
  </testcase> <!-- startTest -->
  <system-out/>
  <testcase classname="ExtentReports.ExtentReportExample2" name="clickLogout" time="0.000">
    <skipped/>
  </testcase> <!-- clickLogout -->
  <system-out/>
</testsuite> <!-- ExtentReports.ExtentReportExample2 -->
