<?xml version="1.0" encoding="UTF-8"?>
<!-- Generated by org.testng.reporters.JUnitReportReporter -->
<testsuite hostname="LAPTOP-3BL16AQ1" failures="0" tests="3" name="TestNgAttributes.Enabled_Attribute" time="1.664" errors="0" timestamp="2023-06-01T19:37:05 IST" skipped="1">
  <testcase classname="TestNgAttributes.Enabled_Attribute" name="enterUsername" time="1.165"/>
  <system-out/>
  <testcase classname="TestNgAttributes.Enabled_Attribute" name="enterPassword" time="0.499"/>
  <system-out/>
  <testcase classname="TestNgAttributes.Enabled_Attribute" name="clickLogin">
    <skipped/>
  </testcase> <!-- clickLogin -->
  <system-out/>
</testsuite> <!-- TestNgAttributes.Enabled_Attribute -->
