<?xml version="1.0" encoding="UTF-8"?>
<!-- Generated by org.testng.reporters.JUnitReportReporter -->
<testsuite hostname="LAPTOP-3BL16AQ1" failures="0" tests="3" name="Tests.LoginTest" time="27.006" errors="0" timestamp="2023-06-06T19:20:33 IST" skipped="0">
  <testcase classname="Tests.LoginTest" name="enterUsername" time="9.336"/>
  <system-out/>
  <testcase classname="Tests.LoginTest" name="enterPassword" time="6.002"/>
  <system-out/>
  <testcase classname="Tests.LoginTest" name="clickLogin" time="11.668"/>
  <system-out/>
</testsuite> <!-- Tests.LoginTest -->
