<?xml version="1.0" encoding="UTF-8"?>
<!-- Generated by org.testng.reporters.JUnitReportReporter -->
<testsuite hostname="LAPTOP-3BL16AQ1" failures="0" tests="3" name="TestNgAttributes.DataProviders_Attribute" time="7.365" errors="0" timestamp="2023-06-02T19:19:42 IST" skipped="0">
  <testcase classname="TestNgAttributes.DataProviders_Attribute" name="enterCredentails" time="2.322"/>
  <system-out/>
  <testcase classname="TestNgAttributes.DataProviders_Attribute" name="enterCredentails" time="2.863"/>
  <system-out/>
  <testcase classname="TestNgAttributes.DataProviders_Attribute" name="enterCredentails" time="2.180"/>
  <system-out/>
</testsuite> <!-- TestNgAttributes.DataProviders_Attribute -->
